[INFO ] 31-01-2024 16:07:34 [main] Log - Start testing sample test
[INFO ] 31-01-2024 16:07:38 [main] Log - login test is starting...
[ERROR] 31-01-2024 16:08:09 [main] Log - login test is failed.
[INFO ] 31-01-2024 16:08:12 [main] Log - End testing sample test
[INFO ] 31-01-2024 16:32:21 [main] Log - Start testing sample test
[INFO ] 31-01-2024 16:32:25 [main] Log - login test is starting...
[ERROR] 31-01-2024 16:32:26 [main] Log - login test is failed.
[INFO ] 31-01-2024 16:32:28 [main] Log - End testing sample test
[INFO ] 31-01-2024 16:32:47 [main] Log - Start testing sample test
[INFO ] 31-01-2024 16:32:52 [main] Log - login test is starting...
[ERROR] 31-01-2024 16:32:52 [main] Log - login test is failed.
[INFO ] 31-01-2024 16:32:55 [main] Log - End testing sample test
[INFO ] 31-01-2024 16:33:15 [main] Log - Start testing sample test
[INFO ] 31-01-2024 16:33:18 [main] Log - login test is starting...
[ERROR] 31-01-2024 16:33:49 [main] Log - login test is failed.
[INFO ] 31-01-2024 16:33:52 [main] Log - End testing sample test
[INFO ] 31-01-2024 16:35:09 [main] Log - Start testing sample test
[INFO ] 31-01-2024 16:35:12 [main] Log - login test is starting...
[INFO ] 31-01-2024 16:41:08 [main] Log - Start testing sample test
[INFO ] 31-01-2024 16:41:10 [main] Log - login test is starting...
[ERROR] 31-01-2024 16:41:42 [main] Log - login test is failed.
[ERROR] 31-01-2024 16:41:42 [main] Log - login test is failed.
[INFO ] 31-01-2024 16:41:42 [main] Log - End testing sample test
[INFO ] 31-01-2024 16:49:30 [main] Log - Start testing sample test
[INFO ] 31-01-2024 16:49:34 [main] Log - login test is starting...
[INFO ] 31-01-2024 16:49:57 [main] Log - login test is passed.
[INFO ] 31-01-2024 16:49:59 [main] Log - End testing sample test
[INFO ] 31-01-2024 17:01:16 [main] Log - Start testing sample test
[INFO ] 31-01-2024 17:01:19 [main] Log - login test is starting...
[ERROR] 31-01-2024 17:02:20 [main] Log - login test is failed.
[INFO ] 31-01-2024 17:02:23 [main] Log - End testing sample test
[INFO ] 31-01-2024 17:24:23 [main] Log - Start testing sample test
[INFO ] 31-01-2024 17:24:27 [main] Log - login test is starting...
[INFO ] 31-01-2024 17:24:56 [main] Log - Start testing sample test
[INFO ] 31-01-2024 17:24:59 [main] Log - login test is starting...
[ERROR] 31-01-2024 17:25:05 [main] Log - login test is failed.
[ERROR] 31-01-2024 17:25:05 [main] Log - login test is failed.
[INFO ] 31-01-2024 17:25:05 [main] Log - End testing sample test
[INFO ] 31-01-2024 17:28:21 [main] Log - Start testing sample test
[INFO ] 31-01-2024 17:28:24 [main] Log - login test is starting...
[INFO ] 31-01-2024 17:28:31 [main] Log - login test is passed.
[INFO ] 31-01-2024 17:28:33 [main] Log - End testing sample test
[INFO ] 31-01-2024 17:31:26 [main] Log - Start testing sample test
[INFO ] 31-01-2024 17:31:29 [main] Log - login test is starting...
[INFO ] 31-01-2024 17:31:35 [main] Log - login test is passed.
[INFO ] 31-01-2024 17:31:37 [main] Log - End testing sample test
[INFO ] 01-02-2024 10:08:58 [main] Log - Start testing sample test
[INFO ] 01-02-2024 10:09:01 [main] Log - login test is starting...
[ERROR] 01-02-2024 10:09:02 [main] Log - login test is failed.
[INFO ] 01-02-2024 10:09:05 [main] Log - End testing sample test
[INFO ] 01-02-2024 10:10:17 [main] Log - Start testing sample test
[INFO ] 01-02-2024 10:10:20 [main] Log - login test is starting...
[ERROR] 01-02-2024 10:10:20 [main] Log - login test is failed.
[INFO ] 01-02-2024 10:10:23 [main] Log - End testing sample test
[INFO ] 01-02-2024 10:11:21 [main] Log - Start testing sample test
[INFO ] 01-02-2024 10:11:24 [main] Log - login test is starting...
[ERROR] 01-02-2024 10:11:24 [main] Log - login test is failed.
[INFO ] 01-02-2024 10:11:27 [main] Log - End testing sample test
[INFO ] 01-02-2024 10:15:29 [main] Log - Start testing sample test
[INFO ] 01-02-2024 10:15:33 [main] Log - login test is starting...
[ERROR] 01-02-2024 10:15:38 [main] Log - login test is failed.
[INFO ] 01-02-2024 10:15:41 [main] Log - End testing sample test
[INFO ] 01-02-2024 10:16:31 [main] Log - Start testing sample test
[INFO ] 01-02-2024 10:16:34 [main] Log - login test is starting...
[ERROR] 01-02-2024 10:16:36 [main] Log - login test is failed.
[INFO ] 01-02-2024 10:16:39 [main] Log - End testing sample test
[INFO ] 01-02-2024 10:17:57 [main] Log - Start testing sample test
[INFO ] 01-02-2024 10:18:00 [main] Log - login test is starting...
[ERROR] 01-02-2024 10:18:01 [main] Log - login test is failed.
[INFO ] 01-02-2024 10:18:03 [main] Log - End testing sample test
[INFO ] 01-02-2024 10:20:18 [main] Log - Start testing sample test
[INFO ] 01-02-2024 10:20:21 [main] Log - login test is starting...
[INFO ] 01-02-2024 10:20:27 [main] Log - login test is passed.
[INFO ] 01-02-2024 10:20:30 [main] Log - End testing sample test
[INFO ] 01-02-2024 16:23:14 [main] Log - Start testing sample test
[INFO ] 01-02-2024 16:23:17 [main] Log - openQLKNDPage test is starting...
[ERROR] 01-02-2024 16:24:04 [main] Log - openQLKNDPage test is failed.
[INFO ] 01-02-2024 16:24:07 [main] Log - End testing sample test
[INFO ] 01-02-2024 16:25:16 [main] Log - Start testing sample test
[INFO ] 01-02-2024 16:25:18 [main] Log - openQLKNDPage test is starting...
[INFO ] 01-02-2024 16:25:25 [main] Log - openQLKNDPage test is passed.
[INFO ] 01-02-2024 16:25:27 [main] Log - End testing sample test
[INFO ] 05-02-2024 09:10:43 [main] Log - Start testing sample test
[INFO ] 05-02-2024 09:10:48 [main] Log - openQLKNDPage test is starting...
[INFO ] 05-02-2024 09:10:54 [main] Log - openQLKNDPage test is passed.
[INFO ] 05-02-2024 09:10:54 [main] Log - searchKieuNguoiDungTrue test is starting...
[INFO ] 05-02-2024 09:10:58 [main] Log - searchKieuNguoiDungTrue test is passed.
[INFO ] 05-02-2024 09:11:00 [main] Log - End testing sample test
[INFO ] 05-02-2024 09:11:51 [main] Log - Start testing sample test
[INFO ] 05-02-2024 09:11:55 [main] Log - openQLKNDPage test is starting...
[INFO ] 05-02-2024 09:12:02 [main] Log - openQLKNDPage test is passed.
[INFO ] 05-02-2024 09:12:02 [main] Log - searchKieuNguoiDungTrue test is starting...
[INFO ] 05-02-2024 09:12:05 [main] Log - searchKieuNguoiDungTrue test is passed.
[INFO ] 05-02-2024 09:12:08 [main] Log - End testing sample test
[INFO ] 05-02-2024 09:12:30 [main] Log - Start testing sample test
[INFO ] 05-02-2024 09:12:32 [main] Log - openQLKNDPage test is starting...
[INFO ] 05-02-2024 09:12:40 [main] Log - openQLKNDPage test is passed.
[INFO ] 05-02-2024 09:12:40 [main] Log - searchKieuNguoiDungTrue test is starting...
[ERROR] 05-02-2024 09:13:03 [main] Log - searchKieuNguoiDungTrue test is failed.
[INFO ] 05-02-2024 09:13:06 [main] Log - End testing sample test
[INFO ] 05-02-2024 09:13:50 [main] Log - Start testing sample test
[INFO ] 05-02-2024 09:13:54 [main] Log - openQLKNDPage test is starting...
[INFO ] 05-02-2024 09:14:09 [main] Log - openQLKNDPage test is passed.
[INFO ] 05-02-2024 09:14:11 [main] Log - End testing sample test
[INFO ] 19-02-2024 16:13:05 [main] Log - Start testing sample test
[INFO ] 19-02-2024 16:13:09 [main] Log - openQLKNDPage test is starting...
[INFO ] 19-02-2024 16:13:16 [main] Log - openQLKNDPage test is passed.
[INFO ] 19-02-2024 16:13:16 [main] Log - searchKieuNguoiDungFail test is starting...
[INFO ] 19-02-2024 16:13:40 [main] Log - searchKieuNguoiDungFail test is passed.
[INFO ] 19-02-2024 16:13:40 [main] Log - searchKieuNguoiDungTrue test is starting...
[INFO ] 19-02-2024 16:13:43 [main] Log - searchKieuNguoiDungTrue test is passed.
[INFO ] 19-02-2024 16:13:43 [main] Log - gotoAddNewKieuNguoiDungPage test is starting...
[INFO ] 19-02-2024 16:13:43 [main] Log - gotoAddNewKieuNguoiDungPage test is passed.
[INFO ] 19-02-2024 16:13:43 [main] Log - editKieuNguoiDung test is starting...
[ERROR] 19-02-2024 16:14:04 [main] Log - editKieuNguoiDung test is failed.
[INFO ] 19-02-2024 16:14:05 [main] Log - deleteNewKieuNguoiDung test is starting...
[INFO ] 19-02-2024 16:14:06 [main] Log - deleteNewKieuNguoiDung test is passed.
[INFO ] 19-02-2024 16:14:06 [main] Log - addNewBacktoList test is starting...
[INFO ] 19-02-2024 16:14:08 [main] Log - addNewBacktoList test is passed.
[INFO ] 19-02-2024 16:14:08 [main] Log - addNewReset test is starting...
[ERROR] 19-02-2024 16:14:40 [main] Log - addNewReset test is failed.
[INFO ] 19-02-2024 16:14:42 [main] Log - End testing sample test
[INFO ] 27-02-2024 15:41:50 [main] Log - Start testing sample test
[INFO ] 27-02-2024 15:41:55 [main] Log - openQLNguoiDungPage test is starting...
[ERROR] 27-02-2024 15:42:42 [main] Log - openQLNguoiDungPage test is failed.
[INFO ] 27-02-2024 15:42:42 [main] Log - thayDoiTrangHuyBo test is starting...
[ERROR] 27-02-2024 15:42:42 [main] Log - thayDoiTrangHuyBo test is failed.
[INFO ] 27-02-2024 15:42:45 [main] Log - End testing sample test
[INFO ] 27-02-2024 15:43:59 [main] Log - Start testing sample test
[INFO ] 27-02-2024 15:44:01 [main] Log - openQLNguoiDungPage test is starting...
[INFO ] 27-02-2024 15:44:09 [main] Log - openQLNguoiDungPage test is passed.
[INFO ] 27-02-2024 15:44:09 [main] Log - thayDoiTrangHuyBo test is starting...
[ERROR] 27-02-2024 15:44:52 [main] Log - thayDoiTrangHuyBo test is failed.
[INFO ] 27-02-2024 15:44:54 [main] Log - End testing sample test
[INFO ] 27-02-2024 16:15:11 [main] Log - Start testing sample test
[INFO ] 27-02-2024 16:15:14 [main] Log - openQLNguoiDungPage test is starting...
[INFO ] 27-02-2024 16:15:21 [main] Log - openQLNguoiDungPage test is passed.
[INFO ] 27-02-2024 16:15:21 [main] Log - thayDoiTrangHuyBo test is starting...
[ERROR] 27-02-2024 16:16:04 [main] Log - thayDoiTrangHuyBo test is failed.
[INFO ] 27-02-2024 16:16:07 [main] Log - End testing sample test
[INFO ] 27-02-2024 16:17:36 [main] Log - Start testing sample test
[INFO ] 27-02-2024 16:17:38 [main] Log - openQLNguoiDungPage test is starting...
[INFO ] 27-02-2024 16:17:45 [main] Log - openQLNguoiDungPage test is passed.
[INFO ] 27-02-2024 16:17:45 [main] Log - thayDoiTrangHuyBo test is starting...
[INFO ] 27-02-2024 16:18:10 [main] Log - thayDoiTrangHuyBo test is passed.
[INFO ] 27-02-2024 16:18:13 [main] Log - End testing sample test
[INFO ] 27-02-2024 16:27:53 [main] Log - Start testing sample test
[INFO ] 27-02-2024 16:27:57 [main] Log - openQLNguoiDungPage test is starting...
[INFO ] 27-02-2024 16:28:03 [main] Log - openQLNguoiDungPage test is passed.
[INFO ] 27-02-2024 16:28:03 [main] Log - locDanhSachNguoiDung test is starting...
[ERROR] 27-02-2024 16:28:26 [main] Log - locDanhSachNguoiDung test is failed.
[INFO ] 27-02-2024 16:28:26 [main] Log - locDanhSachNguoiDungNull test is starting...
[ERROR] 27-02-2024 16:28:48 [main] Log - locDanhSachNguoiDungNull test is failed.
[INFO ] 27-02-2024 16:28:51 [main] Log - End testing sample test
[INFO ] 27-02-2024 16:50:51 [main] Log - Start testing sample test
[INFO ] 27-02-2024 16:50:55 [main] Log - openQLNguoiDungPage test is starting...
[INFO ] 27-02-2024 16:51:02 [main] Log - openQLNguoiDungPage test is passed.
[INFO ] 27-02-2024 16:51:02 [main] Log - locDanhSachNguoiDung test is starting...
[ERROR] 27-02-2024 16:51:50 [main] Log - locDanhSachNguoiDung test is failed.
[INFO ] 27-02-2024 16:51:53 [main] Log - End testing sample test
[INFO ] 27-02-2024 16:52:30 [main] Log - Start testing sample test
[INFO ] 27-02-2024 16:52:33 [main] Log - openQLNguoiDungPage test is starting...
[INFO ] 27-02-2024 16:52:40 [main] Log - openQLNguoiDungPage test is passed.
[INFO ] 27-02-2024 16:52:40 [main] Log - locDanhSachNguoiDung test is starting...
[INFO ] 27-02-2024 16:52:48 [main] Log - locDanhSachNguoiDung test is passed.
[INFO ] 27-02-2024 16:52:50 [main] Log - End testing sample test
[INFO ] 27-02-2024 17:28:06 [main] Log - Start testing sample test
[INFO ] 27-02-2024 17:28:12 [main] Log - openQLNguoiDungPage test is starting...
[INFO ] 27-02-2024 17:28:21 [main] Log - openQLNguoiDungPage test is passed.
[INFO ] 27-02-2024 17:28:21 [main] Log - goToAddNguoiDungTrucTiep test is starting...
[INFO ] 27-02-2024 17:28:26 [main] Log - goToAddNguoiDungTrucTiep test is passed.
[INFO ] 27-02-2024 17:28:28 [main] Log - End testing sample test
[INFO ] 27-02-2024 17:28:56 [main] Log - Start testing sample test
[INFO ] 27-02-2024 17:28:59 [main] Log - openQLNguoiDungPage test is starting...
[INFO ] 27-02-2024 17:29:06 [main] Log - openQLNguoiDungPage test is passed.
[INFO ] 27-02-2024 17:29:06 [main] Log - goToAddNguoiDungTuFile test is starting...
[INFO ] 27-02-2024 17:29:11 [main] Log - goToAddNguoiDungTuFile test is passed.
[INFO ] 27-02-2024 17:29:11 [main] Log - goToAddNguoiTuAPI test is starting...
[INFO ] 27-02-2024 17:29:15 [main] Log - goToAddNguoiTuAPI test is passed.
[INFO ] 27-02-2024 17:29:15 [main] Log - goToDuyetNguoiDung test is starting...
[ERROR] 27-02-2024 17:29:38 [main] Log - goToDuyetNguoiDung test is failed.
[INFO ] 27-02-2024 17:29:41 [main] Log - End testing sample test
[INFO ] 27-02-2024 17:32:09 [main] Log - Start testing sample test
[INFO ] 27-02-2024 17:32:11 [main] Log - openQLNguoiDungPage test is starting...
[INFO ] 27-02-2024 17:32:19 [main] Log - openQLNguoiDungPage test is passed.
[INFO ] 27-02-2024 17:32:19 [main] Log - goToAddNguoiDungTuFile test is starting...
[INFO ] 27-02-2024 17:32:24 [main] Log - goToAddNguoiDungTuFile test is passed.
[INFO ] 27-02-2024 17:32:24 [main] Log - goToAddNguoiTuAPI test is starting...
[INFO ] 27-02-2024 17:32:28 [main] Log - goToAddNguoiTuAPI test is passed.
[INFO ] 27-02-2024 17:32:28 [main] Log - goToDuyetNguoiDung test is starting...
[INFO ] 27-02-2024 17:32:32 [main] Log - goToDuyetNguoiDung test is passed.
[INFO ] 27-02-2024 17:32:34 [main] Log - End testing sample test
[INFO ] 28-02-2024 13:33:21 [main] Log - Start testing sample test
[INFO ] 28-02-2024 13:33:25 [main] Log - openQLNguoiDungPage test is starting...
[INFO ] 28-02-2024 13:33:34 [main] Log - openQLNguoiDungPage test is passed.
[INFO ] 28-02-2024 13:33:34 [main] Log - searchNguoiDung test is starting...
[INFO ] 28-02-2024 13:33:37 [main] Log - searchNguoiDung test is passed.
[INFO ] 28-02-2024 13:33:37 [main] Log - searchNguoiDungNull test is starting...
[ERROR] 28-02-2024 13:34:22 [main] Log - searchNguoiDungNull test is failed.
[INFO ] 28-02-2024 13:34:22 [main] Log - goToCapNhatThongTinNguoiDung test is starting...
[INFO ] 28-02-2024 13:34:26 [main] Log - goToCapNhatThongTinNguoiDung test is passed.
[INFO ] 28-02-2024 13:34:28 [main] Log - End testing sample test
[INFO ] 01-03-2024 13:49:39 [main] Log - Start testing sample test
[INFO ] 01-03-2024 13:49:46 [main] Log - openQLNguoiDungPage test is starting...
[INFO ] 01-03-2024 13:49:53 [main] Log - openQLNguoiDungPage test is passed.
[INFO ] 01-03-2024 13:49:53 [main] Log - goToCapNhatChucDanhTuTapTin test is starting...
[INFO ] 01-03-2024 13:50:00 [main] Log - goToCapNhatChucDanhTuTapTin test is passed.
[INFO ] 01-03-2024 13:50:00 [main] Log - xoaTatCaHuyBo test is starting...
[ERROR] 01-03-2024 13:50:32 [main] Log - xoaTatCaHuyBo test is failed.
[INFO ] 01-03-2024 13:50:32 [main] Log - goToXemChiTiet test is starting...
[INFO ] 01-03-2024 13:50:37 [main] Log - goToXemChiTiet test is passed.
[INFO ] 01-03-2024 13:50:37 [main] Log - goToChinhSua test is starting...
[ERROR] 01-03-2024 13:50:41 [main] Log - goToChinhSua test is failed.
[INFO ] 01-03-2024 13:50:44 [main] Log - End testing sample test
[INFO ] 01-03-2024 13:56:25 [main] Log - Start testing sample test
[INFO ] 01-03-2024 13:56:31 [main] Log - openQLNguoiDungPage test is starting...
[INFO ] 01-03-2024 13:56:40 [main] Log - openQLNguoiDungPage test is passed.
[INFO ] 01-03-2024 13:56:40 [main] Log - goToCapNhatChucDanhTuTapTin test is starting...
[INFO ] 01-03-2024 13:56:46 [main] Log - goToCapNhatChucDanhTuTapTin test is passed.
[INFO ] 01-03-2024 13:56:46 [main] Log - xoaTatCaHuyBo test is starting...
[ERROR] 01-03-2024 13:57:19 [main] Log - xoaTatCaHuyBo test is failed.
[INFO ] 01-03-2024 13:57:20 [main] Log - goToXemChiTiet test is starting...
[INFO ] 01-03-2024 13:57:28 [main] Log - goToXemChiTiet test is passed.
[INFO ] 01-03-2024 13:57:28 [main] Log - goToChinhSua test is starting...
[INFO ] 01-03-2024 13:57:33 [main] Log - goToChinhSua test is passed.
[INFO ] 01-03-2024 13:57:41 [main] Log - End testing sample test
[INFO ] 01-03-2024 14:02:47 [main] Log - Start testing sample test
[INFO ] 01-03-2024 14:02:51 [main] Log - openQLNguoiDungPage test is starting...
[INFO ] 01-03-2024 14:02:59 [main] Log - openQLNguoiDungPage test is passed.
[INFO ] 01-03-2024 14:02:59 [main] Log - xoaTatCaHuyBo test is starting...
[INFO ] 01-03-2024 14:03:03 [main] Log - xoaTatCaHuyBo test is passed.
[INFO ] 01-03-2024 14:03:07 [main] Log - End testing sample test
[INFO ] 01-03-2024 14:08:26 [main] Log - Start testing sample test
[INFO ] 01-03-2024 14:08:31 [main] Log - openQLNguoiDungPage test is starting...
[INFO ] 01-03-2024 14:08:39 [main] Log - openQLNguoiDungPage test is passed.
[INFO ] 01-03-2024 14:08:39 [main] Log - goToChinhSua test is starting...
[INFO ] 01-03-2024 14:08:44 [main] Log - goToChinhSua test is passed.
[INFO ] 01-03-2024 14:08:44 [main] Log - capMatKhau test is starting...
[INFO ] 01-03-2024 14:08:59 [main] Log - capMatKhau test is passed.
[INFO ] 01-03-2024 14:08:59 [main] Log - capMatKhauHuyBo test is starting...
[INFO ] 01-03-2024 14:09:11 [main] Log - capMatKhauHuyBo test is passed.
[INFO ] 01-03-2024 14:09:11 [main] Log - thayDoiTrangThaiDangChoDuyet test is starting...
[ERROR] 01-03-2024 14:09:55 [main] Log - thayDoiTrangThaiDangChoDuyet test is failed.
[INFO ] 01-03-2024 14:09:58 [main] Log - End testing sample test
[INFO ] 01-03-2024 14:14:58 [main] Log - Start testing sample test
[INFO ] 01-03-2024 14:15:04 [main] Log - openQLNguoiDungPage test is starting...
[INFO ] 01-03-2024 14:15:11 [main] Log - openQLNguoiDungPage test is passed.
[INFO ] 01-03-2024 14:15:11 [main] Log - thayDoiTrangThaiDangChoDuyet test is starting...
[ERROR] 01-03-2024 14:15:57 [main] Log - thayDoiTrangThaiDangChoDuyet test is failed.
[INFO ] 01-03-2024 14:16:17 [main] Log - End testing sample test
[INFO ] 01-03-2024 14:20:17 [main] Log - Start testing sample test
[INFO ] 01-03-2024 14:20:22 [main] Log - openQLNguoiDungPage test is starting...
[INFO ] 01-03-2024 14:20:30 [main] Log - openQLNguoiDungPage test is passed.
[INFO ] 01-03-2024 14:20:30 [main] Log - thayDoiTrangThaiDangChoDuyet test is starting...
[ERROR] 01-03-2024 14:20:35 [main] Log - thayDoiTrangThaiDangChoDuyet test is failed.
[INFO ] 01-03-2024 14:20:40 [main] Log - End testing sample test
[INFO ] 01-03-2024 14:22:06 [main] Log - Start testing sample test
[INFO ] 01-03-2024 14:22:12 [main] Log - openQLNguoiDungPage test is starting...
[INFO ] 01-03-2024 14:22:19 [main] Log - openQLNguoiDungPage test is passed.
[INFO ] 01-03-2024 14:22:19 [main] Log - thayDoiTrangThaiDangChoDuyet test is starting...
[ERROR] 01-03-2024 14:22:46 [main] Log - thayDoiTrangThaiDangChoDuyet test is failed.
[INFO ] 01-03-2024 14:22:49 [main] Log - End testing sample test
[INFO ] 01-03-2024 14:25:22 [main] Log - Start testing sample test
[INFO ] 01-03-2024 14:25:26 [main] Log - openQLNguoiDungPage test is starting...
[INFO ] 01-03-2024 14:25:34 [main] Log - openQLNguoiDungPage test is passed.
[INFO ] 01-03-2024 14:25:34 [main] Log - thayDoiTrangThaiDangChoDuyet test is starting...
[ERROR] 01-03-2024 14:26:04 [main] Log - thayDoiTrangThaiDangChoDuyet test is failed.
[INFO ] 01-03-2024 14:26:09 [main] Log - End testing sample test
[INFO ] 01-03-2024 14:29:57 [main] Log - Start testing sample test
[INFO ] 01-03-2024 14:30:03 [main] Log - openQLNguoiDungPage test is starting...
[INFO ] 01-03-2024 14:30:10 [main] Log - openQLNguoiDungPage test is passed.
[INFO ] 01-03-2024 14:30:10 [main] Log - thayDoiTrangThaiDangChoDuyet test is starting...
[ERROR] 01-03-2024 14:30:58 [main] Log - thayDoiTrangThaiDangChoDuyet test is failed.
[INFO ] 01-03-2024 14:31:01 [main] Log - End testing sample test
[INFO ] 01-03-2024 14:34:09 [main] Log - Start testing sample test
[INFO ] 01-03-2024 14:34:12 [main] Log - openQLNguoiDungPage test is starting...
[INFO ] 01-03-2024 14:34:21 [main] Log - openQLNguoiDungPage test is passed.
[INFO ] 01-03-2024 14:34:21 [main] Log - thayDoiTrangThaiDangChoDuyet test is starting...
[ERROR] 01-03-2024 14:34:51 [main] Log - thayDoiTrangThaiDangChoDuyet test is failed.
[INFO ] 01-03-2024 14:34:51 [main] Log - thayDoiTrangThaiHoatDong test is starting...
[ERROR] 01-03-2024 14:35:17 [main] Log - thayDoiTrangThaiHoatDong test is failed.
[INFO ] 01-03-2024 14:35:17 [main] Log - thayDoiTrangThaiKhongHoatDong test is starting...
[ERROR] 01-03-2024 14:35:41 [main] Log - thayDoiTrangThaiKhongHoatDong test is failed.
[INFO ] 01-03-2024 14:35:42 [main] Log - thayDoiTrangThaiDaNghi test is starting...
[ERROR] 01-03-2024 14:36:06 [main] Log - thayDoiTrangThaiDaNghi test is failed.
[INFO ] 01-03-2024 14:36:07 [main] Log - thayDoiTrangHuyBo test is starting...
[INFO ] 01-03-2024 14:36:31 [main] Log - thayDoiTrangHuyBo test is passed.
[INFO ] 01-03-2024 14:36:33 [main] Log - End testing sample test
[INFO ] 01-03-2024 14:39:24 [main] Log - Start testing sample test
[INFO ] 01-03-2024 14:39:28 [main] Log - openQLNguoiDungPage test is starting...
[INFO ] 01-03-2024 14:39:36 [main] Log - openQLNguoiDungPage test is passed.
[INFO ] 01-03-2024 14:39:36 [main] Log - thayDoiTrangThaiDangChoDuyet test is starting...
[ERROR] 01-03-2024 14:39:45 [main] Log - thayDoiTrangThaiDangChoDuyet test is failed.
[INFO ] 01-03-2024 14:39:46 [main] Log - thayDoiTrangThaiHoatDong test is starting...
[INFO ] 01-03-2024 14:39:50 [main] Log - thayDoiTrangThaiHoatDong test is passed.
[INFO ] 01-03-2024 14:39:51 [main] Log - thayDoiTrangThaiKhongHoatDong test is starting...
[INFO ] 01-03-2024 14:39:55 [main] Log - thayDoiTrangThaiKhongHoatDong test is passed.
[INFO ] 01-03-2024 14:39:55 [main] Log - thayDoiTrangThaiDaNghi test is starting...
[INFO ] 01-03-2024 14:39:59 [main] Log - thayDoiTrangThaiDaNghi test is passed.
[INFO ] 01-03-2024 14:39:59 [main] Log - thayDoiTrangHuyBo test is starting...
[INFO ] 01-03-2024 14:40:23 [main] Log - thayDoiTrangHuyBo test is passed.
[INFO ] 01-03-2024 14:40:25 [main] Log - End testing sample test
[INFO ] 01-03-2024 14:46:00 [main] Log - Start testing sample test
[INFO ] 01-03-2024 14:46:04 [main] Log - openQLNguoiDungPage test is starting...
[INFO ] 01-03-2024 14:46:12 [main] Log - openQLNguoiDungPage test is passed.
[INFO ] 01-03-2024 14:46:12 [main] Log - thayDoiTrangThaiDangChoDuyet test is starting...
[INFO ] 01-03-2024 14:46:23 [main] Log - thayDoiTrangThaiDangChoDuyet test is passed.
[INFO ] 01-03-2024 14:46:28 [main] Log - End testing sample test
[INFO ] 01-03-2024 14:50:17 [main] Log - Start testing sample test
[INFO ] 01-03-2024 14:50:22 [main] Log - openQLNguoiDungPage test is starting...
[INFO ] 01-03-2024 14:50:30 [main] Log - openQLNguoiDungPage test is passed.
[INFO ] 01-03-2024 14:50:30 [main] Log - thayDoiTrangThaiDangChoDuyet test is starting...
[INFO ] 01-03-2024 14:50:41 [main] Log - thayDoiTrangThaiDangChoDuyet test is passed.
[INFO ] 01-03-2024 14:50:41 [main] Log - thayDoiTrangThaiHoatDong test is starting...
[INFO ] 01-03-2024 14:50:46 [main] Log - thayDoiTrangThaiHoatDong test is passed.
[INFO ] 01-03-2024 14:50:46 [main] Log - thayDoiTrangThaiKhongHoatDong test is starting...
[INFO ] 01-03-2024 14:50:51 [main] Log - thayDoiTrangThaiKhongHoatDong test is passed.
[INFO ] 01-03-2024 14:50:51 [main] Log - thayDoiTrangThaiDaNghi test is starting...
[INFO ] 01-03-2024 14:50:55 [main] Log - thayDoiTrangThaiDaNghi test is passed.
[INFO ] 01-03-2024 14:50:58 [main] Log - End testing sample test
[INFO ] 11-03-2024 14:26:37 [main] Log - Start testing sample test
[INFO ] 11-03-2024 14:26:43 [main] Log - openAddNewUser test is starting...
[ERROR] 11-03-2024 14:26:44 [main] Log - openAddNewUser test is failed.
[INFO ] 11-03-2024 14:26:44 [main] Log - themMoiThanhCong test is starting...
[ERROR] 11-03-2024 14:26:45 [main] Log - themMoiThanhCong test is failed.
[INFO ] 11-03-2024 14:26:48 [main] Log - End testing sample test
[INFO ] 11-03-2024 14:29:22 [main] Log - Start testing sample test
[INFO ] 11-03-2024 14:29:26 [main] Log - openAddNewUser test is starting...
[ERROR] 11-03-2024 14:29:27 [main] Log - openAddNewUser test is failed.
[INFO ] 11-03-2024 14:29:28 [main] Log - themMoiThanhCong test is starting...
[ERROR] 11-03-2024 14:29:28 [main] Log - themMoiThanhCong test is failed.
[INFO ] 11-03-2024 14:29:31 [main] Log - End testing sample test
[INFO ] 11-03-2024 14:59:22 [main] Log - Start testing sample test
[INFO ] 11-03-2024 14:59:27 [main] Log - openAddNewUser test is starting...
[INFO ] 11-03-2024 14:59:37 [main] Log - openAddNewUser test is passed.
[INFO ] 11-03-2024 14:59:38 [main] Log - themMoiThanhCong test is starting...
[ERROR] 11-03-2024 14:59:40 [main] Log - themMoiThanhCong test is failed.
[INFO ] 11-03-2024 14:59:43 [main] Log - End testing sample test
[INFO ] 11-03-2024 15:05:37 [main] Log - Start testing sample test
[INFO ] 11-03-2024 15:05:41 [main] Log - openAddNewUser test is starting...
[INFO ] 11-03-2024 15:05:53 [main] Log - openAddNewUser test is passed.
[INFO ] 11-03-2024 15:05:53 [main] Log - themMoiThanhCong test is starting...
[ERROR] 11-03-2024 15:06:45 [main] Log - themMoiThanhCong test is failed.
[INFO ] 11-03-2024 15:06:48 [main] Log - End testing sample test
[INFO ] 11-03-2024 15:14:21 [main] Log - Start testing sample test
[INFO ] 11-03-2024 15:14:27 [main] Log - openAddNewUser test is starting...
[INFO ] 11-03-2024 15:14:39 [main] Log - openAddNewUser test is passed.
[INFO ] 11-03-2024 15:14:39 [main] Log - themMoiThanhCong test is starting...
[ERROR] 11-03-2024 15:15:26 [main] Log - themMoiThanhCong test is failed.
[INFO ] 11-03-2024 15:15:29 [main] Log - End testing sample test
[INFO ] 11-03-2024 15:25:02 [main] Log - Start testing sample test
[INFO ] 11-03-2024 15:26:45 [main] Log - Start testing sample test
[INFO ] 11-03-2024 15:26:49 [main] Log - openAddNewUser test is starting...
[INFO ] 11-03-2024 15:27:01 [main] Log - openAddNewUser test is passed.
[INFO ] 11-03-2024 15:27:01 [main] Log - themMoiThanhCong test is starting...
[ERROR] 11-03-2024 15:28:04 [main] Log - themMoiThanhCong test is failed.
[INFO ] 11-03-2024 15:28:06 [main] Log - End testing sample test
[INFO ] 11-03-2024 17:04:42 [main] Log - Start testing sample test
[INFO ] 11-03-2024 17:04:48 [main] Log - openAddNewUser test is starting...
[INFO ] 11-03-2024 17:04:59 [main] Log - openAddNewUser test is passed.
[INFO ] 11-03-2024 17:04:59 [main] Log - themMoiThanhCong test is starting...
[ERROR] 11-03-2024 17:06:05 [main] Log - themMoiThanhCong test is failed.
[INFO ] 11-03-2024 17:06:07 [main] Log - End testing sample test
[INFO ] 11-03-2024 17:09:24 [main] Log - Start testing sample test
[INFO ] 11-03-2024 17:09:30 [main] Log - openAddNewUser test is starting...
[INFO ] 11-03-2024 17:09:42 [main] Log - openAddNewUser test is passed.
[INFO ] 11-03-2024 17:09:42 [main] Log - themMoiThanhCong test is starting...
[INFO ] 11-03-2024 17:09:51 [main] Log - themMoiThanhCong test is passed.
[INFO ] 11-03-2024 17:09:54 [main] Log - End testing sample test
[INFO ] 11-03-2024 17:10:23 [main] Log - Start testing sample test
[INFO ] 11-03-2024 17:10:28 [main] Log - openAddNewUser test is starting...
[INFO ] 11-03-2024 17:10:40 [main] Log - openAddNewUser test is passed.
[INFO ] 11-03-2024 17:10:40 [main] Log - themMoiThanhCong test is starting...
[INFO ] 11-03-2024 17:11:06 [main] Log - themMoiThanhCong test is passed.
[INFO ] 11-03-2024 17:11:09 [main] Log - End testing sample test
[INFO ] 11-03-2024 17:14:27 [main] Log - Start testing sample test
[INFO ] 11-03-2024 17:14:32 [main] Log - openAddNewUser test is starting...
[INFO ] 11-03-2024 17:14:43 [main] Log - openAddNewUser test is passed.
[INFO ] 11-03-2024 17:14:43 [main] Log - themMoiLuuVaCapNhat test is starting...
[ERROR] 11-03-2024 17:15:51 [main] Log - themMoiLuuVaCapNhat test is failed.
[INFO ] 11-03-2024 17:15:51 [main] Log - themMoiThatBai test is starting...
[ERROR] 11-03-2024 17:16:40 [main] Log - themMoiThatBai test is failed.
[INFO ] 11-03-2024 17:16:40 [main] Log - themMoiQuayLai test is starting...
[INFO ] 11-03-2024 17:16:48 [main] Log - themMoiQuayLai test is passed.
[INFO ] 11-03-2024 17:16:50 [main] Log - End testing sample test
[INFO ] 11-03-2024 17:24:42 [main] Log - Start testing sample test
[INFO ] 11-03-2024 17:24:46 [main] Log - openAddNewUser test is starting...
[INFO ] 11-03-2024 17:24:58 [main] Log - openAddNewUser test is passed.
[INFO ] 11-03-2024 17:24:58 [main] Log - themMoiLuuVaCapNhat test is starting...
[INFO ] 11-03-2024 17:27:57 [main] Log - Start testing sample test
[INFO ] 11-03-2024 17:28:01 [main] Log - openAddNewUser test is starting...
[INFO ] 11-03-2024 17:28:12 [main] Log - openAddNewUser test is passed.
[INFO ] 11-03-2024 17:28:12 [main] Log - themMoiLuuVaCapNhat test is starting...
[ERROR] 11-03-2024 17:29:19 [main] Log - themMoiLuuVaCapNhat test is failed.
[INFO ] 11-03-2024 17:29:21 [main] Log - End testing sample test
[INFO ] 12-03-2024 15:12:52 [main] Log - Start testing sample test
[INFO ] 12-03-2024 15:12:57 [main] Log - openAddNewUser test is starting...
[INFO ] 12-03-2024 15:13:08 [main] Log - openAddNewUser test is passed.
[INFO ] 12-03-2024 15:13:08 [main] Log - themMoiLuuVaCapNhat test is starting...
[ERROR] 12-03-2024 15:14:15 [main] Log - themMoiLuuVaCapNhat test is failed.
[INFO ] 12-03-2024 15:14:17 [main] Log - End testing sample test
[INFO ] 12-03-2024 15:24:37 [main] Log - Start testing sample test
[INFO ] 12-03-2024 15:24:42 [main] Log - openAddNewUser test is starting...
[INFO ] 12-03-2024 15:24:53 [main] Log - openAddNewUser test is passed.
[INFO ] 12-03-2024 15:24:53 [main] Log - themMoiLuuVaCapNhat test is starting...
[ERROR] 12-03-2024 15:25:59 [main] Log - themMoiLuuVaCapNhat test is failed.
[INFO ] 12-03-2024 15:26:02 [main] Log - End testing sample test
[INFO ] 12-03-2024 15:32:29 [main] Log - Start testing sample test
[INFO ] 12-03-2024 15:32:32 [main] Log - openAddNewUser test is starting...
[INFO ] 12-03-2024 15:32:44 [main] Log - openAddNewUser test is passed.
[INFO ] 12-03-2024 15:32:44 [main] Log - themMoiLuuVaCapNhat test is starting...
[ERROR] 12-03-2024 15:33:50 [main] Log - themMoiLuuVaCapNhat test is failed.
[INFO ] 12-03-2024 15:33:53 [main] Log - End testing sample test
[INFO ] 12-03-2024 15:40:00 [main] Log - Start testing sample test
[INFO ] 12-03-2024 15:40:05 [main] Log - openAddNewUser test is starting...
[INFO ] 12-03-2024 15:40:16 [main] Log - openAddNewUser test is passed.
[INFO ] 12-03-2024 15:40:16 [main] Log - themMoiLuuVaCapNhat test is starting...
[ERROR] 12-03-2024 15:41:05 [main] Log - themMoiLuuVaCapNhat test is failed.
[INFO ] 12-03-2024 15:41:07 [main] Log - End testing sample test
[INFO ] 12-03-2024 15:47:28 [main] Log - Start testing sample test
[INFO ] 12-03-2024 15:47:32 [main] Log - openAddNewUser test is starting...
[INFO ] 12-03-2024 15:47:44 [main] Log - openAddNewUser test is passed.
[INFO ] 12-03-2024 15:47:44 [main] Log - themMoiLuuVaCapNhat test is starting...
[ERROR] 12-03-2024 15:48:13 [main] Log - themMoiLuuVaCapNhat test is failed.
[ERROR] 12-03-2024 15:48:13 [main] Log - themMoiLuuVaCapNhat test is failed.
[INFO ] 12-03-2024 15:48:13 [main] Log - End testing sample test
[INFO ] 12-03-2024 15:54:50 [main] Log - Start testing sample test
[INFO ] 12-03-2024 15:54:56 [main] Log - openAddNewUser test is starting...
[INFO ] 12-03-2024 15:55:07 [main] Log - openAddNewUser test is passed.
[INFO ] 12-03-2024 15:55:07 [main] Log - themMoiLuuVaCapNhat test is starting...
[ERROR] 12-03-2024 15:55:57 [main] Log - themMoiLuuVaCapNhat test is failed.
[INFO ] 12-03-2024 15:55:59 [main] Log - End testing sample test
[INFO ] 12-03-2024 16:06:14 [main] Log - Start testing sample test
[INFO ] 12-03-2024 16:06:19 [main] Log - openAddNewUser test is starting...
[INFO ] 12-03-2024 16:06:30 [main] Log - openAddNewUser test is passed.
[INFO ] 12-03-2024 16:06:30 [main] Log - themMoiLuuVaCapNhat test is starting...
[ERROR] 12-03-2024 16:06:59 [main] Log - themMoiLuuVaCapNhat test is failed.
[INFO ] 12-03-2024 16:07:02 [main] Log - End testing sample test
[INFO ] 12-03-2024 16:40:12 [main] Log - Start testing sample test
[INFO ] 12-03-2024 16:40:17 [main] Log - openAddNewUser test is starting...
[INFO ] 12-03-2024 16:40:28 [main] Log - openAddNewUser test is passed.
[INFO ] 12-03-2024 16:40:28 [main] Log - themMoiLuuVaCapNhat test is starting...
[ERROR] 12-03-2024 16:40:36 [main] Log - themMoiLuuVaCapNhat test is failed.
[INFO ] 12-03-2024 16:40:39 [main] Log - End testing sample test
[INFO ] 12-03-2024 16:42:17 [main] Log - Start testing sample test
[INFO ] 12-03-2024 16:42:21 [main] Log - openAddNewUser test is starting...
[INFO ] 12-03-2024 16:42:33 [main] Log - openAddNewUser test is passed.
[INFO ] 12-03-2024 16:42:33 [main] Log - themMoiLuuVaCapNhat test is starting...
[ERROR] 12-03-2024 16:43:01 [main] Log - themMoiLuuVaCapNhat test is failed.
[INFO ] 12-03-2024 16:43:03 [main] Log - End testing sample test
[INFO ] 12-03-2024 16:55:23 [main] Log - Start testing sample test
[INFO ] 12-03-2024 16:55:28 [main] Log - openAddNewUser test is starting...
[INFO ] 12-03-2024 16:55:39 [main] Log - openAddNewUser test is passed.
[INFO ] 12-03-2024 16:55:39 [main] Log - themMoiLuuVaCapNhat test is starting...
[ERROR] 12-03-2024 16:56:07 [main] Log - themMoiLuuVaCapNhat test is failed.
[INFO ] 12-03-2024 16:56:09 [main] Log - End testing sample test
[INFO ] 12-03-2024 17:02:26 [main] Log - Start testing sample test
[INFO ] 12-03-2024 17:02:30 [main] Log - openAddNewUser test is starting...
[INFO ] 12-03-2024 17:02:42 [main] Log - openAddNewUser test is passed.
[INFO ] 12-03-2024 17:02:42 [main] Log - themMoiLuuVaCapNhat test is starting...
[ERROR] 12-03-2024 17:03:10 [main] Log - themMoiLuuVaCapNhat test is failed.
[INFO ] 12-03-2024 17:03:13 [main] Log - End testing sample test
[INFO ] 12-03-2024 17:03:40 [main] Log - Start testing sample test
[INFO ] 12-03-2024 17:03:44 [main] Log - openAddNewUser test is starting...
[INFO ] 12-03-2024 17:03:55 [main] Log - openAddNewUser test is passed.
[INFO ] 12-03-2024 17:03:55 [main] Log - themMoiLuuVaCapNhat test is starting...
[ERROR] 12-03-2024 17:04:24 [main] Log - themMoiLuuVaCapNhat test is failed.
[INFO ] 12-03-2024 17:04:27 [main] Log - End testing sample test
[INFO ] 12-03-2024 17:06:11 [main] Log - Start testing sample test
[INFO ] 12-03-2024 17:06:16 [main] Log - openAddNewUser test is starting...
[INFO ] 12-03-2024 17:06:27 [main] Log - openAddNewUser test is passed.
[INFO ] 12-03-2024 17:06:27 [main] Log - themMoiLuuVaCapNhat test is starting...
[ERROR] 12-03-2024 17:06:56 [main] Log - themMoiLuuVaCapNhat test is failed.
[INFO ] 12-03-2024 17:06:59 [main] Log - End testing sample test
[INFO ] 12-03-2024 17:07:39 [main] Log - Start testing sample test
[INFO ] 12-03-2024 17:07:44 [main] Log - openAddNewUser test is starting...
[INFO ] 12-03-2024 17:07:54 [main] Log - openAddNewUser test is passed.
[INFO ] 12-03-2024 17:07:54 [main] Log - themMoiLuuVaCapNhat test is starting...
[INFO ] 12-03-2024 17:08:04 [main] Log - themMoiLuuVaCapNhat test is passed.
[INFO ] 12-03-2024 17:08:07 [main] Log - End testing sample test
[INFO ] 12-03-2024 17:30:20 [main] Log - Start testing sample test
[INFO ] 12-03-2024 17:30:24 [main] Log - openAddNewUser test is starting...
[INFO ] 12-03-2024 17:30:35 [main] Log - openAddNewUser test is passed.
[INFO ] 12-03-2024 17:30:35 [main] Log - themMoiLuuVaCapNhat test is starting...
[INFO ] 12-03-2024 17:30:44 [main] Log - themMoiLuuVaCapNhat test is passed.
[INFO ] 12-03-2024 17:30:47 [main] Log - End testing sample test
[INFO ] 12-03-2024 17:31:15 [main] Log - Start testing sample test
[INFO ] 12-03-2024 17:31:19 [main] Log - openAddNewUser test is starting...
[INFO ] 12-03-2024 17:31:30 [main] Log - openAddNewUser test is passed.
[INFO ] 12-03-2024 17:31:30 [main] Log - themMoiLuuVaCapNhat test is starting...
[ERROR] 12-03-2024 17:31:59 [main] Log - themMoiLuuVaCapNhat test is failed.
[INFO ] 12-03-2024 17:32:01 [main] Log - End testing sample test
[INFO ] 12-03-2024 17:32:20 [main] Log - Start testing sample test
[INFO ] 12-03-2024 17:32:25 [main] Log - openAddNewUser test is starting...
[INFO ] 12-03-2024 17:32:36 [main] Log - openAddNewUser test is passed.
[INFO ] 12-03-2024 17:32:36 [main] Log - themMoiLuuVaCapNhat test is starting...
[INFO ] 12-03-2024 17:32:45 [main] Log - themMoiLuuVaCapNhat test is passed.
[INFO ] 12-03-2024 17:32:48 [main] Log - End testing sample test
[INFO ] 13-03-2024 10:08:02 [main] Log - Start testing sample test
[INFO ] 13-03-2024 10:08:08 [main] Log - openAddNewUser test is starting...
[INFO ] 13-03-2024 10:08:19 [main] Log - openAddNewUser test is passed.
[INFO ] 13-03-2024 10:08:19 [main] Log - themMoiLuuVaCapNhat test is starting...
[ERROR] 13-03-2024 10:08:51 [main] Log - themMoiLuuVaCapNhat test is failed.
[INFO ] 13-03-2024 10:08:54 [main] Log - End testing sample test
[INFO ] 13-03-2024 10:09:28 [main] Log - Start testing sample test
[INFO ] 13-03-2024 10:09:32 [main] Log - openAddNewUser test is starting...
[INFO ] 13-03-2024 10:09:44 [main] Log - openAddNewUser test is passed.
[INFO ] 13-03-2024 10:09:44 [main] Log - themMoiLuuVaCapNhat test is starting...
[ERROR] 13-03-2024 10:10:13 [main] Log - themMoiLuuVaCapNhat test is failed.
[INFO ] 13-03-2024 10:10:15 [main] Log - End testing sample test
[INFO ] 13-03-2024 10:11:03 [main] Log - Start testing sample test
[INFO ] 13-03-2024 10:11:07 [main] Log - openAddNewUser test is starting...
[INFO ] 13-03-2024 10:11:18 [main] Log - openAddNewUser test is passed.
[INFO ] 13-03-2024 10:11:18 [main] Log - themMoiLuuVaCapNhat test is starting...
[INFO ] 13-03-2024 10:11:28 [main] Log - themMoiLuuVaCapNhat test is passed.
[INFO ] 13-03-2024 10:11:31 [main] Log - End testing sample test
[INFO ] 13-03-2024 10:12:19 [main] Log - Start testing sample test
[INFO ] 13-03-2024 10:12:23 [main] Log - openAddNewUser test is starting...
[INFO ] 13-03-2024 10:12:34 [main] Log - openAddNewUser test is passed.
[INFO ] 13-03-2024 10:12:34 [main] Log - themMoiLuuVaCapNhat test is starting...
[ERROR] 13-03-2024 10:13:04 [main] Log - themMoiLuuVaCapNhat test is failed.
[INFO ] 13-03-2024 10:13:06 [main] Log - End testing sample test
[INFO ] 13-03-2024 10:17:32 [main] Log - Start testing sample test
[INFO ] 13-03-2024 10:17:36 [main] Log - openAddNewUser test is starting...
[INFO ] 13-03-2024 10:17:47 [main] Log - openAddNewUser test is passed.
[INFO ] 13-03-2024 10:17:47 [main] Log - themMoiLuuVaCapNhat test is starting...
[INFO ] 13-03-2024 10:17:56 [main] Log - themMoiLuuVaCapNhat test is passed.
[INFO ] 13-03-2024 10:17:59 [main] Log - End testing sample test
[INFO ] 13-03-2024 10:19:48 [main] Log - Start testing sample test
[INFO ] 13-03-2024 10:19:52 [main] Log - openAddNewUser test is starting...
[INFO ] 13-03-2024 10:20:03 [main] Log - openAddNewUser test is passed.
[INFO ] 13-03-2024 10:20:03 [main] Log - themMoiLuuVaCapNhat test is starting...
[INFO ] 13-03-2024 10:20:13 [main] Log - themMoiLuuVaCapNhat test is passed.
[INFO ] 13-03-2024 10:20:15 [main] Log - End testing sample test
[INFO ] 13-03-2024 10:27:53 [main] Log - Start testing sample test
[INFO ] 13-03-2024 10:27:57 [main] Log - openAddNewUser test is starting...
[INFO ] 13-03-2024 10:28:08 [main] Log - openAddNewUser test is passed.
[INFO ] 13-03-2024 10:28:08 [main] Log - themMoiThatBai test is starting...
[ERROR] 13-03-2024 10:28:56 [main] Log - themMoiThatBai test is failed.
[INFO ] 13-03-2024 10:28:56 [main] Log - goToTabToHoSoCaNhan test is starting...
[INFO ] 13-03-2024 10:28:58 [main] Log - goToTabToHoSoCaNhan test is passed.
[INFO ] 13-03-2024 10:29:00 [main] Log - End testing sample test
[INFO ] 13-03-2024 10:29:19 [main] Log - Start testing sample test
[INFO ] 13-03-2024 10:29:23 [main] Log - openAddNewUser test is starting...
[INFO ] 13-03-2024 10:29:34 [main] Log - openAddNewUser test is passed.
[INFO ] 13-03-2024 10:29:34 [main] Log - themMoiThatBai test is starting...
[INFO ] 13-03-2024 10:29:43 [main] Log - themMoiThatBai test is passed.
[INFO ] 13-03-2024 10:29:45 [main] Log - End testing sample test
[INFO ] 13-03-2024 10:35:59 [main] Log - Start testing sample test
[INFO ] 13-03-2024 10:36:03 [main] Log - openAddNewUser test is starting...
[INFO ] 13-03-2024 10:36:14 [main] Log - openAddNewUser test is passed.
[INFO ] 13-03-2024 10:36:14 [main] Log - themMoiDiaChiThanhCong test is starting...
[INFO ] 13-03-2024 10:36:21 [main] Log - themMoiDiaChiThanhCong test is passed.
[INFO ] 13-03-2024 10:36:21 [main] Log - themMoiDiaChiHuyBo test is starting...
[ERROR] 13-03-2024 10:36:28 [main] Log - themMoiDiaChiHuyBo test is failed.
[INFO ] 13-03-2024 10:36:28 [main] Log - themMoiGiaoDucHuyBo test is starting...
[INFO ] 13-03-2024 10:36:54 [main] Log - themMoiGiaoDucHuyBo test is passed.
[INFO ] 13-03-2024 10:36:54 [main] Log - themMoiGiaoDucThanhCong test is starting...
[INFO ] 13-03-2024 10:37:00 [main] Log - themMoiGiaoDucThanhCong test is passed.
[INFO ] 13-03-2024 10:37:00 [main] Log - themMoiGiaoDucThatBai test is starting...
[INFO ] 13-03-2024 10:37:06 [main] Log - themMoiGiaoDucThatBai test is passed.
[INFO ] 13-03-2024 10:37:06 [main] Log - themMoiKinhNghiemThanhCong test is starting...
[INFO ] 13-03-2024 10:37:15 [main] Log - themMoiKinhNghiemThanhCong test is passed.
[INFO ] 13-03-2024 10:37:15 [main] Log - themMoiKinhNghiemThatBai test is starting...
[INFO ] 13-03-2024 10:37:24 [main] Log - themMoiKinhNghiemThatBai test is passed.
[INFO ] 13-03-2024 10:37:24 [main] Log - themMoiKinhNghiemHuyBo test is starting...
[INFO ] 13-03-2024 10:37:54 [main] Log - themMoiKinhNghiemHuyBo test is passed.
[INFO ] 13-03-2024 10:37:56 [main] Log - End testing sample test
[INFO ] 13-03-2024 10:50:47 [main] Log - Start testing sample test
[INFO ] 13-03-2024 10:50:52 [main] Log - openAddNewUser test is starting...
[INFO ] 13-03-2024 10:51:03 [main] Log - openAddNewUser test is passed.
[INFO ] 13-03-2024 10:51:03 [main] Log - themMoiDiaChiHuyBo test is starting...
[INFO ] 13-03-2024 10:51:30 [main] Log - themMoiDiaChiHuyBo test is passed.
[INFO ] 13-03-2024 10:51:30 [main] Log - themMoiGiaoDucHuyBo test is starting...
[INFO ] 13-03-2024 10:51:55 [main] Log - themMoiGiaoDucHuyBo test is passed.
[INFO ] 13-03-2024 10:51:58 [main] Log - End testing sample test
[INFO ] 13-03-2024 16:46:07 [main] Log - Start testing sample test
[INFO ] 13-03-2024 16:46:12 [main] Log - openAddNewUser test is starting...
[INFO ] 13-03-2024 16:46:23 [main] Log - openAddNewUser test is passed.
[INFO ] 13-03-2024 16:46:23 [main] Log - themMoiThanhCong test is starting...
[ERROR] 13-03-2024 16:46:44 [main] Log - themMoiThanhCong test is failed.
[INFO ] 13-03-2024 16:46:44 [main] Log - themMoiLuuVaCapNhat test is starting...
[ERROR] 13-03-2024 16:47:04 [main] Log - themMoiLuuVaCapNhat test is failed.
[INFO ] 13-03-2024 16:47:04 [main] Log - themMoiThatBai test is starting...
[ERROR] 13-03-2024 16:47:23 [main] Log - themMoiThatBai test is failed.
[INFO ] 13-03-2024 16:47:23 [main] Log - themMoiQuayLai test is starting...
[ERROR] 13-03-2024 16:48:10 [main] Log - themMoiQuayLai test is failed.
[INFO ] 13-03-2024 16:48:11 [main] Log - goToTabToHoSoCaNhan test is starting...
[ERROR] 13-03-2024 16:48:11 [main] Log - goToTabToHoSoCaNhan test is failed.
[ERROR] 13-03-2024 16:48:11 [main] Log - goToTabToHoSoCaNhan test is failed.
[INFO ] 13-03-2024 16:48:11 [main] Log - End testing sample test
[INFO ] 13-03-2024 16:51:28 [main] Log - Start testing sample test
[INFO ] 13-03-2024 16:51:33 [main] Log - openAddNewUser test is starting...
[INFO ] 13-03-2024 16:51:44 [main] Log - openAddNewUser test is passed.
[INFO ] 13-03-2024 16:51:44 [main] Log - themMoiThanhCong test is starting...
[INFO ] 13-03-2024 16:52:11 [main] Log - themMoiThanhCong test is passed.
[INFO ] 13-03-2024 16:52:11 [main] Log - themMoiLuuVaCapNhat test is starting...
[INFO ] 13-03-2024 16:52:38 [main] Log - themMoiLuuVaCapNhat test is passed.
[INFO ] 13-03-2024 16:52:38 [main] Log - themMoiThatBai test is starting...
[INFO ] 13-03-2024 16:53:05 [main] Log - themMoiThatBai test is passed.
[INFO ] 13-03-2024 16:53:05 [main] Log - themMoiQuayLai test is starting...
[ERROR] 13-03-2024 16:53:52 [main] Log - themMoiQuayLai test is failed.
[INFO ] 13-03-2024 16:53:53 [main] Log - goToTabToHoSoCaNhan test is starting...
[INFO ] 13-03-2024 16:53:54 [main] Log - goToTabToHoSoCaNhan test is passed.
[INFO ] 13-03-2024 16:53:54 [main] Log - themMoiDiaChiThanhCong test is starting...
[INFO ] 13-03-2024 16:54:00 [main] Log - themMoiDiaChiThanhCong test is passed.
[INFO ] 13-03-2024 16:54:00 [main] Log - themMoiDiaChiHuyBo test is starting...
[INFO ] 13-03-2024 16:54:26 [main] Log - themMoiDiaChiHuyBo test is passed.
[INFO ] 13-03-2024 16:54:26 [main] Log - themMoiGiaoDucHuyBo test is starting...
[INFO ] 13-03-2024 16:54:52 [main] Log - themMoiGiaoDucHuyBo test is passed.
[INFO ] 13-03-2024 16:54:52 [main] Log - themMoiGiaoDucThanhCong test is starting...
[INFO ] 13-03-2024 16:54:59 [main] Log - themMoiGiaoDucThanhCong test is passed.
[INFO ] 13-03-2024 16:54:59 [main] Log - themMoiGiaoDucThatBai test is starting...
[INFO ] 13-03-2024 16:55:04 [main] Log - themMoiGiaoDucThatBai test is passed.
[INFO ] 13-03-2024 16:55:04 [main] Log - themMoiKinhNghiemThanhCong test is starting...
[INFO ] 13-03-2024 16:55:13 [main] Log - themMoiKinhNghiemThanhCong test is passed.
[INFO ] 13-03-2024 16:55:13 [main] Log - themMoiKinhNghiemThatBai test is starting...
[INFO ] 13-03-2024 16:55:22 [main] Log - themMoiKinhNghiemThatBai test is passed.
[INFO ] 13-03-2024 16:55:22 [main] Log - themMoiKinhNghiemHuyBo test is starting...
[INFO ] 13-03-2024 16:55:52 [main] Log - themMoiKinhNghiemHuyBo test is passed.
[INFO ] 13-03-2024 16:55:54 [main] Log - End testing sample test
[INFO ] 13-03-2024 17:00:11 [main] Log - Start testing sample test
[INFO ] 13-03-2024 17:00:14 [main] Log - openAddNewUser test is starting...
[INFO ] 13-03-2024 17:00:26 [main] Log - openAddNewUser test is passed.
[INFO ] 13-03-2024 17:00:26 [main] Log - themMoiQuayLai test is starting...
[INFO ] 13-03-2024 17:00:33 [main] Log - themMoiQuayLai test is passed.
[INFO ] 13-03-2024 17:00:36 [main] Log - End testing sample test
[INFO ] 13-03-2024 17:17:05 [main] Log - Start testing sample test
[INFO ] 13-03-2024 17:17:09 [main] Log - openEditUser test is starting...
[ERROR] 13-03-2024 17:17:21 [main] Log - openEditUser test is failed.
[INFO ] 13-03-2024 17:17:21 [main] Log - capNhatThanhCong test is starting...
[ERROR] 13-03-2024 17:17:21 [main] Log - capNhatThanhCong test is failed.
[INFO ] 13-03-2024 17:17:25 [main] Log - End testing sample test
[INFO ] 13-03-2024 17:19:34 [main] Log - Start testing sample test
[INFO ] 13-03-2024 17:19:37 [main] Log - openEditUser test is starting...
[ERROR] 13-03-2024 17:19:52 [main] Log - openEditUser test is failed.
[INFO ] 13-03-2024 17:19:52 [main] Log - capNhatThanhCong test is starting...
[ERROR] 13-03-2024 17:20:36 [main] Log - capNhatThanhCong test is failed.
[INFO ] 13-03-2024 17:20:38 [main] Log - End testing sample test
[INFO ] 14-03-2024 11:18:38 [main] Log - Start testing sample test
[INFO ] 14-03-2024 11:18:44 [main] Log - openEditUser test is starting...
[INFO ] 14-03-2024 11:18:55 [main] Log - openEditUser test is passed.
[INFO ] 14-03-2024 11:18:55 [main] Log - capNhatThanhCong test is starting...
[ERROR] 14-03-2024 11:19:02 [main] Log - capNhatThanhCong test is failed.
[INFO ] 14-03-2024 11:19:04 [main] Log - End testing sample test
[INFO ] 14-03-2024 11:22:46 [main] Log - Start testing sample test
[INFO ] 14-03-2024 11:22:50 [main] Log - openEditUser test is starting...
[INFO ] 14-03-2024 11:23:01 [main] Log - openEditUser test is passed.
[INFO ] 14-03-2024 11:23:01 [main] Log - capNhatThanhCong test is starting...
[INFO ] 14-03-2024 11:23:09 [main] Log - capNhatThanhCong test is passed.
[INFO ] 14-03-2024 11:23:12 [main] Log - End testing sample test
[INFO ] 14-03-2024 11:32:00 [main] Log - Start testing sample test
[INFO ] 14-03-2024 11:32:04 [main] Log - openEditUser test is starting...
[INFO ] 14-03-2024 11:32:16 [main] Log - openEditUser test is passed.
[INFO ] 14-03-2024 11:32:16 [main] Log - capNhatThanhCong test is starting...
[INFO ] 14-03-2024 11:32:25 [main] Log - capNhatThanhCong test is passed.
[INFO ] 14-03-2024 11:32:28 [main] Log - End testing sample test
[INFO ] 14-03-2024 11:44:23 [main] Log - Start testing sample test
[INFO ] 14-03-2024 11:44:26 [main] Log - openEditUser test is starting...
[INFO ] 14-03-2024 11:44:38 [main] Log - openEditUser test is passed.
[INFO ] 14-03-2024 11:44:38 [main] Log - capNhatThanhCong test is starting...
[ERROR] 14-03-2024 11:45:23 [main] Log - capNhatThanhCong test is failed.
[INFO ] 14-03-2024 11:45:25 [main] Log - End testing sample test
[INFO ] 14-03-2024 13:24:55 [main] Log - Start testing sample test
[INFO ] 14-03-2024 13:25:01 [main] Log - openEditUser test is starting...
[INFO ] 14-03-2024 13:25:13 [main] Log - openEditUser test is passed.
[INFO ] 14-03-2024 13:25:13 [main] Log - capNhatThanhCong test is starting...
[ERROR] 14-03-2024 13:25:30 [main] Log - capNhatThanhCong test is failed.
[INFO ] 14-03-2024 13:25:33 [main] Log - End testing sample test
[INFO ] 14-03-2024 13:27:45 [main] Log - Start testing sample test
[INFO ] 14-03-2024 13:27:49 [main] Log - openEditUser test is starting...
[INFO ] 14-03-2024 13:28:02 [main] Log - openEditUser test is passed.
[INFO ] 14-03-2024 13:28:02 [main] Log - capNhatThanhCong test is starting...
[INFO ] 14-03-2024 13:28:18 [main] Log - capNhatThanhCong test is passed.
[INFO ] 14-03-2024 13:28:20 [main] Log - End testing sample test
[INFO ] 14-03-2024 15:24:23 [main] Log - Start testing sample test
[INFO ] 14-03-2024 15:24:27 [main] Log - capNhatHuyBo test is starting...
[ERROR] 14-03-2024 15:24:29 [main] Log - capNhatHuyBo test is failed.
[INFO ] 14-03-2024 15:24:29 [main] Log - openEditUser test is starting...
[ERROR] 14-03-2024 15:24:55 [main] Log - openEditUser test is failed.
[INFO ] 14-03-2024 15:24:55 [main] Log - capNhatThanhCong test is starting...
[ERROR] 14-03-2024 15:24:56 [main] Log - capNhatThanhCong test is failed.
[INFO ] 14-03-2024 15:24:56 [main] Log - capNhatThatBai test is starting...
[ERROR] 14-03-2024 15:24:57 [main] Log - capNhatThatBai test is failed.
[INFO ] 14-03-2024 15:25:00 [main] Log - End testing sample test
[INFO ] 14-03-2024 15:25:37 [main] Log - Start testing sample test
[INFO ] 14-03-2024 15:25:40 [main] Log - capNhatHuyBo test is starting...
[ERROR] 14-03-2024 15:25:42 [main] Log - capNhatHuyBo test is failed.
[INFO ] 14-03-2024 15:25:42 [main] Log - openEditUser test is starting...
[INFO ] 14-03-2024 15:25:52 [main] Log - openEditUser test is passed.
[INFO ] 14-03-2024 15:25:52 [main] Log - capNhatThanhCong test is starting...
[INFO ] 14-03-2024 15:26:08 [main] Log - capNhatThanhCong test is passed.
[INFO ] 14-03-2024 15:26:08 [main] Log - capNhatThatBai test is starting...
[INFO ] 14-03-2024 15:26:16 [main] Log - capNhatThatBai test is passed.
[INFO ] 14-03-2024 15:26:19 [main] Log - End testing sample test
[INFO ] 14-03-2024 15:29:59 [main] Log - Start testing sample test
[INFO ] 14-03-2024 15:30:03 [main] Log - openEditUser test is starting...
[INFO ] 14-03-2024 15:30:15 [main] Log - openEditUser test is passed.
[INFO ] 14-03-2024 15:30:15 [main] Log - capNhatHuyBo test is starting...
[INFO ] 14-03-2024 15:30:31 [main] Log - capNhatHuyBo test is passed.
[INFO ] 14-03-2024 15:30:31 [main] Log - capNhatThanhCong test is starting...
[INFO ] 14-03-2024 15:30:47 [main] Log - capNhatThanhCong test is passed.
[INFO ] 14-03-2024 15:30:47 [main] Log - capNhatThatBai test is starting...
[INFO ] 14-03-2024 15:30:55 [main] Log - capNhatThatBai test is passed.
[INFO ] 14-03-2024 15:30:58 [main] Log - End testing sample test
[INFO ] 14-03-2024 16:41:02 [main] Log - Start testing sample test
[INFO ] 14-03-2024 16:41:06 [main] Log - openEditUser test is starting...
[INFO ] 14-03-2024 16:41:18 [main] Log - openEditUser test is passed.
[INFO ] 14-03-2024 16:41:18 [main] Log - capNhatGTNam_GanVaoNoiDung test is starting...
[ERROR] 14-03-2024 16:41:29 [main] Log - capNhatGTNam_GanVaoNoiDung test is failed.
[INFO ] 14-03-2024 16:41:29 [main] Log - capNhatGTNu_KhongGanVaoNoiDung test is starting...
[ERROR] 14-03-2024 16:41:39 [main] Log - capNhatGTNu_KhongGanVaoNoiDung test is failed.
[INFO ] 14-03-2024 16:41:41 [main] Log - End testing sample test
[INFO ] 14-03-2024 16:49:34 [main] Log - Start testing sample test
[INFO ] 14-03-2024 16:49:38 [main] Log - openEditUser test is starting...
[INFO ] 14-03-2024 16:49:49 [main] Log - openEditUser test is passed.
[INFO ] 14-03-2024 16:49:49 [main] Log - capNhatGTNam_GanVaoNoiDung test is starting...
[ERROR] 14-03-2024 16:50:24 [main] Log - capNhatGTNam_GanVaoNoiDung test is failed.
[INFO ] 14-03-2024 16:50:24 [main] Log - capNhatGTNu_KhongGanVaoNoiDung test is starting...
[ERROR] 14-03-2024 16:50:59 [main] Log - capNhatGTNu_KhongGanVaoNoiDung test is failed.
[INFO ] 14-03-2024 16:51:02 [main] Log - End testing sample test
[INFO ] 14-03-2024 16:51:36 [main] Log - Start testing sample test
[INFO ] 14-03-2024 16:51:41 [main] Log - openEditUser test is starting...
[INFO ] 14-03-2024 16:51:53 [main] Log - openEditUser test is passed.
[INFO ] 14-03-2024 16:51:53 [main] Log - capNhatGTNam_GanVaoNoiDung test is starting...
[ERROR] 14-03-2024 16:52:28 [main] Log - capNhatGTNam_GanVaoNoiDung test is failed.
[INFO ] 14-03-2024 16:52:30 [main] Log - End testing sample test
[INFO ] 14-03-2024 17:01:05 [main] Log - Start testing sample test
[INFO ] 14-03-2024 17:01:09 [main] Log - openEditUser test is starting...
[INFO ] 14-03-2024 17:01:21 [main] Log - openEditUser test is passed.
[INFO ] 14-03-2024 17:01:21 [main] Log - capNhatGTNam_GanVaoNoiDung test is starting...
[ERROR] 14-03-2024 17:01:56 [main] Log - capNhatGTNam_GanVaoNoiDung test is failed.
[INFO ] 14-03-2024 17:01:58 [main] Log - End testing sample test
[INFO ] 14-03-2024 17:04:01 [main] Log - Start testing sample test
[INFO ] 14-03-2024 17:04:06 [main] Log - openEditUser test is starting...
[ERROR] 14-03-2024 17:04:53 [main] Log - openEditUser test is failed.
[INFO ] 14-03-2024 17:04:54 [main] Log - capNhatGTNam_GanVaoNoiDung test is starting...
[ERROR] 14-03-2024 17:04:58 [main] Log - capNhatGTNam_GanVaoNoiDung test is failed.
[INFO ] 14-03-2024 17:05:01 [main] Log - End testing sample test
[INFO ] 14-03-2024 17:05:13 [main] Log - Start testing sample test
[INFO ] 14-03-2024 17:05:18 [main] Log - openEditUser test is starting...
[INFO ] 14-03-2024 17:05:30 [main] Log - openEditUser test is passed.
[INFO ] 14-03-2024 17:05:30 [main] Log - capNhatGTNam_GanVaoNoiDung test is starting...
[ERROR] 14-03-2024 17:06:05 [main] Log - capNhatGTNam_GanVaoNoiDung test is failed.
[INFO ] 14-03-2024 17:06:07 [main] Log - End testing sample test
[INFO ] 15-03-2024 13:33:03 [main] Log - Start testing sample test
[INFO ] 15-03-2024 13:33:07 [main] Log - openEditUser test is starting...
[ERROR] 15-03-2024 13:33:28 [main] Log - openEditUser test is failed.
[INFO ] 15-03-2024 13:33:28 [main] Log - capNhatGTNam_GanVaoNoiDung test is starting...
[ERROR] 15-03-2024 13:33:28 [main] Log - capNhatGTNam_GanVaoNoiDung test is failed.
[INFO ] 15-03-2024 13:33:31 [main] Log - End testing sample test
[INFO ] 15-03-2024 13:42:59 [main] Log - Start testing sample test
[INFO ] 15-03-2024 13:43:24 [main] Log - openEditUser test is starting...
[ERROR] 15-03-2024 13:44:07 [main] Log - openEditUser test is failed.
[INFO ] 15-03-2024 13:44:08 [main] Log - capNhatGTNam_GanVaoNoiDung test is starting...
[ERROR] 15-03-2024 13:44:08 [main] Log - capNhatGTNam_GanVaoNoiDung test is failed.
[INFO ] 15-03-2024 13:44:10 [main] Log - End testing sample test
[INFO ] 15-03-2024 13:44:41 [main] Log - Start testing sample test
[INFO ] 15-03-2024 13:44:44 [main] Log - openEditUser test is starting...
[INFO ] 15-03-2024 13:44:56 [main] Log - openEditUser test is passed.
[INFO ] 15-03-2024 13:44:56 [main] Log - capNhatGTNam_GanVaoNoiDung test is starting...
[ERROR] 15-03-2024 13:45:05 [main] Log - capNhatGTNam_GanVaoNoiDung test is failed.
[INFO ] 15-03-2024 13:45:08 [main] Log - End testing sample test
[INFO ] 15-03-2024 13:55:15 [main] Log - Start testing sample test
[INFO ] 15-03-2024 13:55:19 [main] Log - openEditUser test is starting...
[INFO ] 15-03-2024 13:55:51 [main] Log - openEditUser test is passed.
[INFO ] 15-03-2024 13:55:51 [main] Log - capNhatGTNam_GanVaoNoiDung test is starting...
[INFO ] 15-03-2024 13:56:00 [main] Log - capNhatGTNam_GanVaoNoiDung test is passed.
[INFO ] 15-03-2024 13:56:00 [main] Log - capNhatGTNu_KhongGanVaoNoiDung test is starting...
[ERROR] 15-03-2024 13:56:35 [main] Log - capNhatGTNu_KhongGanVaoNoiDung test is failed.
[INFO ] 15-03-2024 13:56:37 [main] Log - End testing sample test
[INFO ] 15-03-2024 14:06:31 [main] Log - Start testing sample test
[INFO ] 15-03-2024 14:06:35 [main] Log - openEditUser test is starting...
[INFO ] 15-03-2024 14:06:46 [main] Log - openEditUser test is passed.
[INFO ] 15-03-2024 14:06:46 [main] Log - capNhatGTNam_GanVaoNoiDung test is starting...
[ERROR] 15-03-2024 14:06:55 [main] Log - capNhatGTNam_GanVaoNoiDung test is failed.
[INFO ] 15-03-2024 14:06:58 [main] Log - End testing sample test
[INFO ] 15-03-2024 14:08:31 [main] Log - Start testing sample test
[INFO ] 15-03-2024 14:08:35 [main] Log - openEditUser test is starting...
[INFO ] 15-03-2024 14:08:46 [main] Log - openEditUser test is passed.
[INFO ] 15-03-2024 14:08:46 [main] Log - capNhatGTNam_GanVaoNoiDung test is starting...
[ERROR] 15-03-2024 14:08:55 [main] Log - capNhatGTNam_GanVaoNoiDung test is failed.
[INFO ] 15-03-2024 14:08:58 [main] Log - End testing sample test
[INFO ] 15-03-2024 14:18:02 [main] Log - Start testing sample test
[INFO ] 15-03-2024 14:18:05 [main] Log - openEditUser test is starting...
[INFO ] 15-03-2024 14:18:17 [main] Log - openEditUser test is passed.
[INFO ] 15-03-2024 14:18:17 [main] Log - capNhatGTNam_GanVaoNoiDung test is starting...
[ERROR] 15-03-2024 14:18:26 [main] Log - capNhatGTNam_GanVaoNoiDung test is failed.
[INFO ] 15-03-2024 14:18:28 [main] Log - End testing sample test
[INFO ] 15-03-2024 14:21:31 [main] Log - Start testing sample test
[INFO ] 15-03-2024 14:21:34 [main] Log - openEditUser test is starting...
[INFO ] 15-03-2024 14:21:45 [main] Log - openEditUser test is passed.
[INFO ] 15-03-2024 14:21:45 [main] Log - capNhatGTNam_GanVaoNoiDung test is starting...
[INFO ] 15-03-2024 14:21:54 [main] Log - capNhatGTNam_GanVaoNoiDung test is passed.
[INFO ] 15-03-2024 14:21:54 [main] Log - capNhatGTNu_KhongGanVaoNoiDung test is starting...
[ERROR] 15-03-2024 14:22:03 [main] Log - capNhatGTNu_KhongGanVaoNoiDung test is failed.
[INFO ] 15-03-2024 14:22:05 [main] Log - End testing sample test
[INFO ] 15-03-2024 14:25:35 [main] Log - Start testing sample test
[INFO ] 15-03-2024 14:25:39 [main] Log - openEditUser test is starting...
[INFO ] 15-03-2024 14:25:50 [main] Log - openEditUser test is passed.
[INFO ] 15-03-2024 14:25:50 [main] Log - capNhatGTNu_KhongGanVaoNoiDung test is starting...
[ERROR] 15-03-2024 14:26:02 [main] Log - capNhatGTNu_KhongGanVaoNoiDung test is failed.
[INFO ] 15-03-2024 14:26:04 [main] Log - End testing sample test
[INFO ] 15-03-2024 15:03:45 [main] Log - Start testing sample test
[INFO ] 15-03-2024 15:03:50 [main] Log - openEditUser test is starting...
[INFO ] 15-03-2024 15:04:00 [main] Log - openEditUser test is passed.
[INFO ] 15-03-2024 15:04:00 [main] Log - capNhatGTNam_GanVaoNoiDung test is starting...
[ERROR] 15-03-2024 15:04:12 [main] Log - capNhatGTNam_GanVaoNoiDung test is failed.
[INFO ] 15-03-2024 15:04:13 [main] Log - capNhatGTNu_KhongGanVaoNoiDung test is starting...
[ERROR] 15-03-2024 15:04:26 [main] Log - capNhatGTNu_KhongGanVaoNoiDung test is failed.
[INFO ] 15-03-2024 15:04:29 [main] Log - End testing sample test
[INFO ] 15-03-2024 15:11:56 [main] Log - Start testing sample test
[INFO ] 15-03-2024 15:11:59 [main] Log - openEditUser test is starting...
[INFO ] 15-03-2024 15:12:11 [main] Log - openEditUser test is passed.
[INFO ] 15-03-2024 15:12:11 [main] Log - capNhatGTNam_GanVaoNoiDung test is starting...
[ERROR] 15-03-2024 15:12:23 [main] Log - capNhatGTNam_GanVaoNoiDung test is failed.
[INFO ] 15-03-2024 15:12:23 [main] Log - capNhatGTNu_KhongGanVaoNoiDung test is starting...
[ERROR] 15-03-2024 15:12:35 [main] Log - capNhatGTNu_KhongGanVaoNoiDung test is failed.
[INFO ] 15-03-2024 15:12:38 [main] Log - End testing sample test
[INFO ] 15-03-2024 15:14:13 [main] Log - Start testing sample test
[INFO ] 15-03-2024 15:14:17 [main] Log - openEditUser test is starting...
[INFO ] 15-03-2024 15:14:28 [main] Log - openEditUser test is passed.
[INFO ] 15-03-2024 15:14:28 [main] Log - capNhatGTNam_GanVaoNoiDung test is starting...
[INFO ] 15-03-2024 15:14:46 [main] Log - capNhatGTNam_GanVaoNoiDung test is passed.
[INFO ] 15-03-2024 15:14:46 [main] Log - capNhatGTNu_KhongGanVaoNoiDung test is starting...
[ERROR] 15-03-2024 15:15:03 [main] Log - capNhatGTNu_KhongGanVaoNoiDung test is failed.
[INFO ] 15-03-2024 15:15:06 [main] Log - End testing sample test
[INFO ] 15-03-2024 15:20:24 [main] Log - Start testing sample test
[INFO ] 15-03-2024 15:20:28 [main] Log - openEditUser test is starting...
[INFO ] 15-03-2024 15:20:39 [main] Log - openEditUser test is passed.
[INFO ] 15-03-2024 15:20:41 [main] Log - End testing sample test
[INFO ] 15-03-2024 15:21:55 [main] Log - Start testing sample test
[INFO ] 15-03-2024 15:21:58 [main] Log - openEditUser test is starting...
[INFO ] 15-03-2024 15:22:09 [main] Log - openEditUser test is passed.
[INFO ] 15-03-2024 15:22:09 [main] Log - capNhatGTNam test is starting...
[INFO ] 15-03-2024 15:22:26 [main] Log - capNhatGTNam test is passed.
[INFO ] 15-03-2024 15:22:26 [main] Log - capNhatGTNu test is starting...
[INFO ] 15-03-2024 15:22:41 [main] Log - capNhatGTNu test is passed.
[INFO ] 15-03-2024 15:22:43 [main] Log - End testing sample test
[INFO ] 18-03-2024 15:16:44 [main] Log - Start testing sample test
[INFO ] 18-03-2024 15:16:50 [main] Log - openEditUser test is starting...
[INFO ] 18-03-2024 15:17:02 [main] Log - openEditUser test is passed.
[INFO ] 18-03-2024 15:17:02 [main] Log - capNhatCCTC test is starting...
[ERROR] 18-03-2024 15:17:41 [main] Log - capNhatCCTC test is failed.
[INFO ] 18-03-2024 15:17:45 [main] Log - End testing sample test
[INFO ] 18-03-2024 15:18:37 [main] Log - Start testing sample test
[INFO ] 18-03-2024 15:18:42 [main] Log - openEditUser test is starting...
[INFO ] 18-03-2024 15:18:54 [main] Log - openEditUser test is passed.
[INFO ] 18-03-2024 15:18:54 [main] Log - capNhatCCTC test is starting...
[ERROR] 18-03-2024 15:19:34 [main] Log - capNhatCCTC test is failed.
[INFO ] 18-03-2024 15:19:37 [main] Log - End testing sample test
[INFO ] 18-03-2024 15:21:32 [main] Log - Start testing sample test
[INFO ] 18-03-2024 15:21:37 [main] Log - openEditUser test is starting...
[INFO ] 18-03-2024 15:21:50 [main] Log - openEditUser test is passed.
[INFO ] 18-03-2024 15:21:50 [main] Log - capNhatCCTC test is starting...
[ERROR] 18-03-2024 15:22:30 [main] Log - capNhatCCTC test is failed.
[INFO ] 18-03-2024 15:22:35 [main] Log - End testing sample test
[INFO ] 18-03-2024 15:23:03 [main] Log - Start testing sample test
[INFO ] 18-03-2024 15:23:08 [main] Log - openEditUser test is starting...
[INFO ] 18-03-2024 15:23:20 [main] Log - openEditUser test is passed.
[INFO ] 18-03-2024 15:23:20 [main] Log - capNhatCCTC test is starting...
[ERROR] 18-03-2024 15:23:39 [main] Log - capNhatCCTC test is failed.
[INFO ] 18-03-2024 15:23:42 [main] Log - End testing sample test
[INFO ] 18-03-2024 15:27:50 [main] Log - Start testing sample test
[INFO ] 18-03-2024 15:27:55 [main] Log - openEditUser test is starting...
[INFO ] 18-03-2024 15:28:06 [main] Log - openEditUser test is passed.
[INFO ] 18-03-2024 15:28:06 [main] Log - capNhatCCTC test is starting...
[ERROR] 18-03-2024 15:28:26 [main] Log - capNhatCCTC test is failed.
[INFO ] 18-03-2024 15:28:29 [main] Log - End testing sample test
[INFO ] 18-03-2024 15:32:06 [main] Log - Start testing sample test
[INFO ] 18-03-2024 15:32:13 [main] Log - openEditUser test is starting...
[INFO ] 18-03-2024 15:32:24 [main] Log - openEditUser test is passed.
[INFO ] 18-03-2024 15:32:24 [main] Log - capNhatCCTC test is starting...
[ERROR] 18-03-2024 15:32:50 [main] Log - capNhatCCTC test is failed.
[INFO ] 18-03-2024 15:32:54 [main] Log - End testing sample test
[INFO ] 18-03-2024 15:36:09 [main] Log - Start testing sample test
[INFO ] 18-03-2024 15:36:15 [main] Log - openEditUser test is starting...
[INFO ] 18-03-2024 15:36:27 [main] Log - openEditUser test is passed.
[INFO ] 18-03-2024 15:36:27 [main] Log - capNhatCCTC test is starting...
[ERROR] 18-03-2024 15:36:45 [main] Log - capNhatCCTC test is failed.
[INFO ] 18-03-2024 15:36:49 [main] Log - End testing sample test
[INFO ] 18-03-2024 15:40:22 [main] Log - Start testing sample test
[INFO ] 18-03-2024 15:40:27 [main] Log - openEditUser test is starting...
[INFO ] 18-03-2024 15:40:39 [main] Log - openEditUser test is passed.
[INFO ] 18-03-2024 15:40:39 [main] Log - capNhatCCTC test is starting...
[ERROR] 18-03-2024 15:40:58 [main] Log - capNhatCCTC test is failed.
[INFO ] 18-03-2024 15:41:01 [main] Log - End testing sample test
[INFO ] 18-03-2024 15:52:09 [main] Log - Start testing sample test
[INFO ] 18-03-2024 15:52:15 [main] Log - openEditUser test is starting...
[INFO ] 18-03-2024 15:52:28 [main] Log - openEditUser test is passed.
[INFO ] 18-03-2024 15:52:28 [main] Log - capNhatCCTCXoaTatCa test is starting...
[ERROR] 18-03-2024 15:52:33 [main] Log - capNhatCCTCXoaTatCa test is failed.
[INFO ] 18-03-2024 15:52:38 [main] Log - End testing sample test
[INFO ] 18-03-2024 16:04:54 [main] Log - Start testing sample test
[INFO ] 18-03-2024 16:05:00 [main] Log - openEditUser test is starting...
[ERROR] 18-03-2024 16:05:47 [main] Log - openEditUser test is failed.
[INFO ] 18-03-2024 16:05:47 [main] Log - capNhatCCTCXoaTatCa test is starting...
[ERROR] 18-03-2024 16:05:47 [main] Log - capNhatCCTCXoaTatCa test is failed.
[INFO ] 18-03-2024 16:05:51 [main] Log - End testing sample test
[INFO ] 18-03-2024 16:06:10 [main] Log - Start testing sample test
[INFO ] 18-03-2024 16:06:14 [main] Log - openEditUser test is starting...
[ERROR] 18-03-2024 16:06:54 [main] Log - openEditUser test is failed.
[ERROR] 18-03-2024 16:06:54 [main] Log - openEditUser test is failed.
[INFO ] 18-03-2024 16:06:54 [main] Log - End testing sample test
[INFO ] 18-03-2024 17:13:23 [main] Log - Start testing sample test
[INFO ] 18-03-2024 17:13:27 [main] Log - openEditUser test is starting...
[INFO ] 18-03-2024 17:13:39 [main] Log - openEditUser test is passed.
[INFO ] 18-03-2024 17:13:39 [main] Log - capNhatCCTCXoaTatCa test is starting...
[ERROR] 18-03-2024 17:13:44 [main] Log - capNhatCCTCXoaTatCa test is failed.
[INFO ] 18-03-2024 17:13:47 [main] Log - End testing sample test
[INFO ] 18-03-2024 17:15:09 [main] Log - Start testing sample test
[INFO ] 18-03-2024 17:15:13 [main] Log - openEditUser test is starting...
[INFO ] 18-03-2024 17:15:25 [main] Log - openEditUser test is passed.
[INFO ] 18-03-2024 17:15:25 [main] Log - capNhatCCTCXoaTatCa test is starting...
[ERROR] 18-03-2024 17:15:30 [main] Log - capNhatCCTCXoaTatCa test is failed.
[INFO ] 18-03-2024 17:15:33 [main] Log - End testing sample test
[INFO ] 18-03-2024 17:19:09 [main] Log - Start testing sample test
[INFO ] 18-03-2024 17:19:13 [main] Log - openEditUser test is starting...
[INFO ] 18-03-2024 17:19:26 [main] Log - openEditUser test is passed.
[INFO ] 18-03-2024 17:19:26 [main] Log - capNhatCCTCXoaTatCa test is starting...
[ERROR] 18-03-2024 17:19:30 [main] Log - capNhatCCTCXoaTatCa test is failed.
[INFO ] 18-03-2024 17:19:33 [main] Log - End testing sample test
[INFO ] 18-03-2024 17:22:10 [main] Log - Start testing sample test
[INFO ] 18-03-2024 17:22:15 [main] Log - openEditUser test is starting...
[INFO ] 18-03-2024 17:22:26 [main] Log - openEditUser test is passed.
[INFO ] 18-03-2024 17:22:26 [main] Log - capNhatCCTCXoaTatCa test is starting...
[ERROR] 18-03-2024 17:22:31 [main] Log - capNhatCCTCXoaTatCa test is failed.
[INFO ] 18-03-2024 17:22:34 [main] Log - End testing sample test
[INFO ] 18-03-2024 17:23:29 [main] Log - Start testing sample test
[INFO ] 18-03-2024 17:23:33 [main] Log - openEditUser test is starting...
[INFO ] 18-03-2024 17:23:45 [main] Log - openEditUser test is passed.
[INFO ] 18-03-2024 17:23:45 [main] Log - capNhatCCTCXoaTatCa test is starting...
[ERROR] 18-03-2024 17:23:51 [main] Log - capNhatCCTCXoaTatCa test is failed.
[INFO ] 18-03-2024 17:23:53 [main] Log - End testing sample test
[INFO ] 18-03-2024 17:26:23 [main] Log - Start testing sample test
[INFO ] 18-03-2024 17:26:28 [main] Log - openEditUser test is starting...
[INFO ] 18-03-2024 17:26:39 [main] Log - openEditUser test is passed.
[INFO ] 18-03-2024 17:26:39 [main] Log - capNhatCCTCXoaTatCa test is starting...
[INFO ] 18-03-2024 17:27:09 [main] Log - capNhatCCTCXoaTatCa test is passed.
[INFO ] 18-03-2024 17:27:11 [main] Log - End testing sample test
[INFO ] 18-03-2024 17:32:21 [main] Log - Start testing sample test
[INFO ] 18-03-2024 17:32:27 [main] Log - openEditUser test is starting...
[INFO ] 18-03-2024 17:32:38 [main] Log - openEditUser test is passed.
[INFO ] 18-03-2024 17:32:38 [main] Log - capNhatCCTCXoaTatCa test is starting...
[ERROR] 18-03-2024 17:32:43 [main] Log - capNhatCCTCXoaTatCa test is failed.
[INFO ] 18-03-2024 17:32:46 [main] Log - End testing sample test
[INFO ] 18-03-2024 17:33:56 [main] Log - Start testing sample test
[INFO ] 18-03-2024 17:34:01 [main] Log - openEditUser test is starting...
[INFO ] 18-03-2024 17:34:13 [main] Log - openEditUser test is passed.
[INFO ] 18-03-2024 17:34:13 [main] Log - capNhatCCTCXoaTatCa test is starting...
[ERROR] 18-03-2024 17:34:18 [main] Log - capNhatCCTCXoaTatCa test is failed.
[INFO ] 18-03-2024 17:34:20 [main] Log - End testing sample test
[INFO ] 18-03-2024 17:37:20 [main] Log - Start testing sample test
[INFO ] 18-03-2024 17:37:24 [main] Log - openEditUser test is starting...
[INFO ] 18-03-2024 17:37:37 [main] Log - openEditUser test is passed.
[INFO ] 18-03-2024 17:37:37 [main] Log - capNhatCCTCXoaTatCa test is starting...
[ERROR] 18-03-2024 17:37:42 [main] Log - capNhatCCTCXoaTatCa test is failed.
[INFO ] 18-03-2024 17:37:45 [main] Log - End testing sample test
[INFO ] 19-03-2024 09:55:04 [main] Log - Start testing sample test
[INFO ] 19-03-2024 09:55:10 [main] Log - openEditUser test is starting...
[INFO ] 19-03-2024 09:55:22 [main] Log - openEditUser test is passed.
[INFO ] 19-03-2024 09:55:22 [main] Log - capNhatCCTCXoaTatCa test is starting...
[ERROR] 19-03-2024 09:55:28 [main] Log - capNhatCCTCXoaTatCa test is failed.
[INFO ] 19-03-2024 09:55:31 [main] Log - End testing sample test
[INFO ] 19-03-2024 10:14:13 [main] Log - Start testing sample test
[INFO ] 19-03-2024 10:14:20 [main] Log - openEditUser test is starting...
[INFO ] 19-03-2024 10:14:32 [main] Log - openEditUser test is passed.
[INFO ] 19-03-2024 10:14:32 [main] Log - capNhatCCTCXoaTatCa test is starting...
[ERROR] 19-03-2024 10:14:37 [main] Log - capNhatCCTCXoaTatCa test is failed.
[INFO ] 19-03-2024 10:14:42 [main] Log - End testing sample test
[INFO ] 19-03-2024 10:16:32 [main] Log - Start testing sample test
[INFO ] 19-03-2024 10:16:37 [main] Log - openEditUser test is starting...
[INFO ] 19-03-2024 10:16:49 [main] Log - openEditUser test is passed.
[INFO ] 19-03-2024 10:16:49 [main] Log - capNhatCCTCXoaTatCa test is starting...
[ERROR] 19-03-2024 10:16:55 [main] Log - capNhatCCTCXoaTatCa test is failed.
[INFO ] 19-03-2024 10:17:00 [main] Log - End testing sample test
[INFO ] 19-03-2024 10:18:19 [main] Log - Start testing sample test
[INFO ] 19-03-2024 10:18:24 [main] Log - openEditUser test is starting...
[INFO ] 19-03-2024 10:18:36 [main] Log - openEditUser test is passed.
[INFO ] 19-03-2024 10:18:36 [main] Log - capNhatCCTCXoaTatCa test is starting...
[ERROR] 19-03-2024 10:18:56 [main] Log - capNhatCCTCXoaTatCa test is failed.
[INFO ] 19-03-2024 10:18:59 [main] Log - End testing sample test
[INFO ] 19-03-2024 10:22:01 [main] Log - Start testing sample test
[INFO ] 19-03-2024 10:22:06 [main] Log - openEditUser test is starting...
[INFO ] 19-03-2024 10:22:19 [main] Log - openEditUser test is passed.
[INFO ] 19-03-2024 10:22:19 [main] Log - capNhatCCTCXoaTatCa test is starting...
[ERROR] 19-03-2024 10:22:59 [main] Log - capNhatCCTCXoaTatCa test is failed.
[INFO ] 19-03-2024 10:23:05 [main] Log - End testing sample test
[INFO ] 19-03-2024 10:24:50 [main] Log - Start testing sample test
[INFO ] 19-03-2024 10:24:55 [main] Log - openEditUser test is starting...
[INFO ] 19-03-2024 10:25:07 [main] Log - openEditUser test is passed.
[INFO ] 19-03-2024 10:25:07 [main] Log - capNhatCCTCXoaTatCa test is starting...
[ERROR] 19-03-2024 10:25:33 [main] Log - capNhatCCTCXoaTatCa test is failed.
[INFO ] 19-03-2024 10:25:43 [main] Log - End testing sample test
[INFO ] 19-03-2024 10:27:07 [main] Log - Start testing sample test
[INFO ] 19-03-2024 10:27:12 [main] Log - openEditUser test is starting...
[INFO ] 19-03-2024 10:27:24 [main] Log - openEditUser test is passed.
[INFO ] 19-03-2024 10:27:24 [main] Log - capNhatCCTCXoaTatCa test is starting...
[INFO ] 19-03-2024 10:28:19 [main] Log - capNhatCCTCXoaTatCa test is passed.
[INFO ] 19-03-2024 10:28:28 [main] Log - End testing sample test
[INFO ] 19-03-2024 10:29:05 [main] Log - Start testing sample test
[INFO ] 19-03-2024 10:29:10 [main] Log - openEditUser test is starting...
[INFO ] 19-03-2024 10:29:22 [main] Log - openEditUser test is passed.
[INFO ] 19-03-2024 10:29:22 [main] Log - capNhatCCTCXoaTatCa test is starting...
[INFO ] 19-03-2024 10:30:05 [main] Log - capNhatCCTCXoaTatCa test is passed.
[INFO ] 19-03-2024 10:30:07 [main] Log - End testing sample test
[INFO ] 19-03-2024 14:46:50 [main] Log - Start testing sample test
[INFO ] 19-03-2024 14:46:57 [main] Log - openEditUser test is starting...
[INFO ] 19-03-2024 14:47:09 [main] Log - openEditUser test is passed.
[INFO ] 19-03-2024 14:47:09 [main] Log - capNhatCCTCXoaTatCa test is starting...
[INFO ] 19-03-2024 14:47:48 [main] Log - capNhatCCTCXoaTatCa test is passed.
[INFO ] 19-03-2024 14:47:48 [main] Log - themMoiCCTCkhongcoVTCD test is starting...
[ERROR] 19-03-2024 14:48:03 [main] Log - themMoiCCTCkhongcoVTCD test is failed.
[INFO ] 19-03-2024 14:48:03 [main] Log - themMoiCCTCcoVTCD test is starting...
[ERROR] 19-03-2024 14:48:52 [main] Log - themMoiCCTCcoVTCD test is failed.
[INFO ] 19-03-2024 14:48:55 [main] Log - End testing sample test
[INFO ] 19-03-2024 14:54:39 [main] Log - Start testing sample test
[INFO ] 19-03-2024 14:54:45 [main] Log - openEditUser test is starting...
[INFO ] 19-03-2024 14:54:57 [main] Log - openEditUser test is passed.
[INFO ] 19-03-2024 14:54:57 [main] Log - capNhatCCTCXoaTatCa test is starting...
[INFO ] 19-03-2024 14:55:34 [main] Log - capNhatCCTCXoaTatCa test is passed.
[INFO ] 19-03-2024 14:55:34 [main] Log - themMoiCCTCkhongcoVTCD test is starting...
[ERROR] 19-03-2024 14:56:09 [main] Log - themMoiCCTCkhongcoVTCD test is failed.
[INFO ] 19-03-2024 14:56:09 [main] Log - themMoiCCTCcoVTCD test is starting...
[INFO ] 19-03-2024 14:56:58 [main] Log - themMoiCCTCcoVTCD test is passed.
[INFO ] 19-03-2024 14:57:00 [main] Log - End testing sample test
[INFO ] 19-03-2024 15:10:12 [main] Log - Start testing sample test
[INFO ] 19-03-2024 15:10:16 [main] Log - openEditUser test is starting...
[INFO ] 19-03-2024 15:10:29 [main] Log - openEditUser test is passed.
[INFO ] 19-03-2024 15:10:29 [main] Log - capNhatCCTCXoaTatCa test is starting...
[INFO ] 19-03-2024 15:11:06 [main] Log - capNhatCCTCXoaTatCa test is passed.
[INFO ] 19-03-2024 15:11:06 [main] Log - themMoiCCTCkhongcoVTCD test is starting...
[INFO ] 19-03-2024 15:11:40 [main] Log - themMoiCCTCkhongcoVTCD test is passed.
[INFO ] 19-03-2024 15:11:40 [main] Log - themMoiCCTCcoVTCD test is starting...
[INFO ] 19-03-2024 15:12:29 [main] Log - themMoiCCTCcoVTCD test is passed.
[INFO ] 19-03-2024 15:12:32 [main] Log - End testing sample test
[INFO ] 19-03-2024 15:32:16 [main] Log - Start testing sample test
[INFO ] 19-03-2024 15:32:21 [main] Log - openEditUser test is starting...
[INFO ] 19-03-2024 15:32:33 [main] Log - openEditUser test is passed.
[INFO ] 19-03-2024 15:32:33 [main] Log - capNhatCCTCXoaTatCa test is starting...
[INFO ] 19-03-2024 15:33:11 [main] Log - capNhatCCTCXoaTatCa test is passed.
[INFO ] 19-03-2024 15:33:11 [main] Log - themMoiCCTCkhongcoVTCD test is starting...
[INFO ] 19-03-2024 15:33:45 [main] Log - themMoiCCTCkhongcoVTCD test is passed.
[INFO ] 19-03-2024 15:33:45 [main] Log - thayDoiCCTCkhongcoVTCD test is starting...
[INFO ] 19-03-2024 15:34:23 [main] Log - thayDoiCCTCkhongcoVTCD test is passed.
[INFO ] 19-03-2024 15:34:23 [main] Log - thayDoiCCTCcoVTCD test is starting...
[INFO ] 19-03-2024 15:34:42 [main] Log - thayDoiCCTCcoVTCD test is passed.
[INFO ] 19-03-2024 15:34:42 [main] Log - capNhatThaiBai test is starting...
[ERROR] 19-03-2024 15:34:49 [main] Log - capNhatThaiBai test is failed.
[INFO ] 19-03-2024 15:34:49 [main] Log - capNhatXoaVTCD test is starting...
[ERROR] 19-03-2024 15:35:24 [main] Log - capNhatXoaVTCD test is failed.
[INFO ] 19-03-2024 15:35:24 [main] Log - capNhatThemVTCD test is starting...
[ERROR] 19-03-2024 15:35:59 [main] Log - capNhatThemVTCD test is failed.
[INFO ] 19-03-2024 15:36:00 [main] Log - capNhatThayDoiVTCD test is starting...
[INFO ] 19-03-2024 15:36:05 [main] Log - capNhatThayDoiVTCD test is passed.
[INFO ] 19-03-2024 15:36:07 [main] Log - End testing sample test
[INFO ] 19-03-2024 15:52:05 [main] Log - Start testing sample test
[INFO ] 19-03-2024 15:52:10 [main] Log - openEditUser test is starting...
[INFO ] 19-03-2024 15:52:22 [main] Log - openEditUser test is passed.
[INFO ] 19-03-2024 15:52:22 [main] Log - capNhatCCTCXoaTatCa test is starting...
[INFO ] 19-03-2024 15:53:17 [main] Log - capNhatCCTCXoaTatCa test is passed.
[INFO ] 19-03-2024 15:53:17 [main] Log - themMoiCCTCkhongcoVTCD test is starting...
[INFO ] 19-03-2024 15:53:53 [main] Log - themMoiCCTCkhongcoVTCD test is passed.
[INFO ] 19-03-2024 15:53:53 [main] Log - thayDoiCCTCkhongcoVTCD test is starting...
[ERROR] 19-03-2024 15:54:36 [main] Log - thayDoiCCTCkhongcoVTCD test is failed.
[INFO ] 19-03-2024 15:54:36 [main] Log - thayDoiCCTCcoVTCD test is starting...
[ERROR] 19-03-2024 15:55:21 [main] Log - thayDoiCCTCcoVTCD test is failed.
[INFO ] 19-03-2024 15:55:21 [main] Log - capNhatThaiBai test is starting...
[INFO ] 19-03-2024 15:55:29 [main] Log - capNhatThaiBai test is passed.
[INFO ] 19-03-2024 15:55:29 [main] Log - capNhatXoaVTCD test is starting...
[ERROR] 19-03-2024 15:56:04 [main] Log - capNhatXoaVTCD test is failed.
[INFO ] 19-03-2024 15:56:04 [main] Log - capNhatThemVTCD test is starting...
[ERROR] 19-03-2024 15:56:40 [main] Log - capNhatThemVTCD test is failed.
[INFO ] 19-03-2024 15:56:40 [main] Log - capNhatThayDoiVTCD test is starting...
[INFO ] 19-03-2024 15:56:45 [main] Log - capNhatThayDoiVTCD test is passed.
[INFO ] 19-03-2024 15:56:47 [main] Log - End testing sample test
[INFO ] 19-03-2024 15:59:00 [main] Log - Start testing sample test
[INFO ] 19-03-2024 15:59:05 [main] Log - openEditUser test is starting...
[INFO ] 19-03-2024 15:59:17 [main] Log - openEditUser test is passed.
[INFO ] 19-03-2024 15:59:17 [main] Log - capNhatCCTCXoaTatCa test is starting...
[ERROR] 19-03-2024 15:59:58 [main] Log - capNhatCCTCXoaTatCa test is failed.
[INFO ] 19-03-2024 15:59:58 [main] Log - themMoiCCTCkhongcoVTCD test is starting...
[INFO ] 19-03-2024 16:23:24 [main] Log - Start testing sample test
[INFO ] 19-03-2024 16:23:30 [main] Log - openEditUser test is starting...
[INFO ] 19-03-2024 16:23:42 [main] Log - openEditUser test is passed.
[INFO ] 19-03-2024 16:23:42 [main] Log - capNhatCCTCXoaTatCa test is starting...
[INFO ] 19-03-2024 16:24:20 [main] Log - capNhatCCTCXoaTatCa test is passed.
[INFO ] 19-03-2024 16:24:20 [main] Log - themMoiCCTCkhongcoVTCD test is starting...
[INFO ] 19-03-2024 16:24:55 [main] Log - themMoiCCTCkhongcoVTCD test is passed.
[INFO ] 19-03-2024 16:24:55 [main] Log - thayDoiCCTCkhongcoVTCD test is starting...
[ERROR] 19-03-2024 16:25:39 [main] Log - thayDoiCCTCkhongcoVTCD test is failed.
[INFO ] 19-03-2024 16:25:39 [main] Log - thayDoiCCTCcoVTCD test is starting...
[ERROR] 19-03-2024 16:26:23 [main] Log - thayDoiCCTCcoVTCD test is failed.
[INFO ] 19-03-2024 16:26:23 [main] Log - capNhatThaiBai test is starting...
[INFO ] 19-03-2024 16:26:31 [main] Log - capNhatThaiBai test is passed.
[INFO ] 19-03-2024 16:26:31 [main] Log - capNhatXoaVTCD test is starting...
[ERROR] 19-03-2024 16:27:06 [main] Log - capNhatXoaVTCD test is failed.
[INFO ] 19-03-2024 16:27:06 [main] Log - capNhatThemVTCD test is starting...
[ERROR] 19-03-2024 16:27:42 [main] Log - capNhatThemVTCD test is failed.
[INFO ] 19-03-2024 16:27:42 [main] Log - capNhatThayDoiVTCD test is starting...
[INFO ] 19-03-2024 16:27:47 [main] Log - capNhatThayDoiVTCD test is passed.
[INFO ] 19-03-2024 16:27:50 [main] Log - End testing sample test
[INFO ] 19-03-2024 16:33:38 [main] Log - Start testing sample test
[INFO ] 19-03-2024 16:33:44 [main] Log - openEditUser test is starting...
[INFO ] 19-03-2024 16:33:56 [main] Log - openEditUser test is passed.
[INFO ] 19-03-2024 16:33:56 [main] Log - capNhatCCTCXoaTatCa test is starting...
[INFO ] 19-03-2024 16:34:34 [main] Log - capNhatCCTCXoaTatCa test is passed.
[INFO ] 19-03-2024 16:34:34 [main] Log - themMoiCCTCkhongcoVTCD test is starting...
[INFO ] 19-03-2024 16:35:09 [main] Log - themMoiCCTCkhongcoVTCD test is passed.
[INFO ] 19-03-2024 16:35:09 [main] Log - themMoiCCTCcoVTCD test is starting...
[INFO ] 19-03-2024 16:35:58 [main] Log - themMoiCCTCcoVTCD test is passed.
[INFO ] 19-03-2024 16:35:58 [main] Log - thayDoiCCTCkhongcoVTCD test is starting...
[ERROR] 19-03-2024 16:36:42 [main] Log - thayDoiCCTCkhongcoVTCD test is failed.
[INFO ] 19-03-2024 16:36:42 [main] Log - thayDoiCCTCcoVTCD test is starting...
[ERROR] 19-03-2024 16:37:26 [main] Log - thayDoiCCTCcoVTCD test is failed.
[INFO ] 19-03-2024 16:37:26 [main] Log - capNhatThaiBai test is starting...
[INFO ] 19-03-2024 16:37:34 [main] Log - capNhatThaiBai test is passed.
[INFO ] 19-03-2024 16:37:34 [main] Log - capNhatXoaVTCD test is starting...
[INFO ] 19-03-2024 16:38:08 [main] Log - capNhatXoaVTCD test is passed.
[INFO ] 19-03-2024 16:38:08 [main] Log - capNhatThemVTCD test is starting...
[ERROR] 19-03-2024 16:38:43 [main] Log - capNhatThemVTCD test is failed.
[INFO ] 19-03-2024 16:38:43 [main] Log - capNhatThayDoiVTCD test is starting...
[INFO ] 19-03-2024 16:38:48 [main] Log - capNhatThayDoiVTCD test is passed.
[INFO ] 19-03-2024 16:38:52 [main] Log - End testing sample test
[INFO ] 19-03-2024 16:45:35 [main] Log - Start testing sample test
[INFO ] 19-03-2024 16:45:40 [main] Log - openEditUser test is starting...
[INFO ] 19-03-2024 16:45:52 [main] Log - openEditUser test is passed.
[INFO ] 19-03-2024 16:45:53 [main] Log - capNhatCCTCXoaTatCa test is starting...
[INFO ] 19-03-2024 16:46:30 [main] Log - capNhatCCTCXoaTatCa test is passed.
[INFO ] 19-03-2024 16:46:30 [main] Log - themMoiCCTCkhongcoVTCD test is starting...
[INFO ] 19-03-2024 16:47:05 [main] Log - themMoiCCTCkhongcoVTCD test is passed.
[INFO ] 19-03-2024 16:47:05 [main] Log - themMoiCCTCcoVTCD test is starting...
[INFO ] 19-03-2024 16:47:54 [main] Log - themMoiCCTCcoVTCD test is passed.
[INFO ] 19-03-2024 16:47:54 [main] Log - thayDoiCCTCkhongcoVTCD test is starting...
[INFO ] 19-03-2024 16:48:32 [main] Log - thayDoiCCTCkhongcoVTCD test is passed.
[INFO ] 19-03-2024 16:48:32 [main] Log - thayDoiCCTCcoVTCD test is starting...
[INFO ] 19-03-2024 16:48:51 [main] Log - thayDoiCCTCcoVTCD test is passed.
[INFO ] 19-03-2024 16:48:51 [main] Log - capNhatThaiBai test is starting...
[INFO ] 19-03-2024 16:48:59 [main] Log - capNhatThaiBai test is passed.
[INFO ] 19-03-2024 16:48:59 [main] Log - capNhatXoaVTCD test is starting...
[INFO ] 19-03-2024 16:49:33 [main] Log - capNhatXoaVTCD test is passed.
[INFO ] 19-03-2024 16:49:33 [main] Log - capNhatThemVTCD test is starting...
[INFO ] 19-03-2024 16:49:46 [main] Log - capNhatThemVTCD test is passed.
[INFO ] 19-03-2024 16:49:46 [main] Log - capNhatThayDoiVTCD test is starting...
[ERROR] 19-03-2024 16:50:00 [main] Log - capNhatThayDoiVTCD test is failed.
[INFO ] 19-03-2024 16:50:03 [main] Log - End testing sample test
[INFO ] 19-03-2024 16:55:16 [main] Log - Start testing sample test
[INFO ] 19-03-2024 16:55:22 [main] Log - openEditUser test is starting...
[INFO ] 19-03-2024 16:55:34 [main] Log - openEditUser test is passed.
[INFO ] 19-03-2024 16:55:34 [main] Log - capNhatCCTCXoaTatCa test is starting...
[INFO ] 19-03-2024 16:56:11 [main] Log - capNhatCCTCXoaTatCa test is passed.
[INFO ] 19-03-2024 16:56:11 [main] Log - themMoiCCTCkhongcoVTCD test is starting...
[INFO ] 19-03-2024 16:56:46 [main] Log - themMoiCCTCkhongcoVTCD test is passed.
[INFO ] 19-03-2024 16:56:46 [main] Log - themMoiCCTCcoVTCD test is starting...
[INFO ] 19-03-2024 16:57:35 [main] Log - themMoiCCTCcoVTCD test is passed.
[INFO ] 19-03-2024 16:57:35 [main] Log - thayDoiCCTCkhongcoVTCD test is starting...
[INFO ] 19-03-2024 16:58:12 [main] Log - thayDoiCCTCkhongcoVTCD test is passed.
[INFO ] 19-03-2024 16:58:12 [main] Log - thayDoiCCTCcoVTCD test is starting...
[INFO ] 19-03-2024 16:58:31 [main] Log - thayDoiCCTCcoVTCD test is passed.
[INFO ] 19-03-2024 16:58:31 [main] Log - capNhatThaiBai test is starting...
[INFO ] 19-03-2024 16:58:38 [main] Log - capNhatThaiBai test is passed.
[INFO ] 19-03-2024 16:58:38 [main] Log - capNhatXoaVTCD test is starting...
[INFO ] 19-03-2024 16:59:12 [main] Log - capNhatXoaVTCD test is passed.
[INFO ] 19-03-2024 16:59:12 [main] Log - capNhatThemVTCD test is starting...
[INFO ] 19-03-2024 16:59:25 [main] Log - capNhatThemVTCD test is passed.
[INFO ] 19-03-2024 16:59:25 [main] Log - capNhatThayDoiVTCD test is starting...
[INFO ] 19-03-2024 16:59:38 [main] Log - capNhatThayDoiVTCD test is passed.
[INFO ] 19-03-2024 16:59:41 [main] Log - End testing sample test
[INFO ] 21-03-2024 16:39:52 [main] Log - Start testing sample test
[INFO ] 21-03-2024 16:39:58 [main] Log - openEditUser test is starting...
[INFO ] 21-03-2024 16:40:10 [main] Log - openEditUser test is passed.
[INFO ] 21-03-2024 16:40:10 [main] Log - capNhatThongTinCoBanTabHoSoCaNhan test is starting...
[ERROR] 21-03-2024 16:40:38 [main] Log - capNhatThongTinCoBanTabHoSoCaNhan test is failed.
[INFO ] 21-03-2024 16:40:40 [main] Log - End testing sample test
[INFO ] 21-03-2024 16:44:07 [main] Log - Start testing sample test
[INFO ] 21-03-2024 16:44:13 [main] Log - openEditUser test is starting...
[INFO ] 21-03-2024 16:44:25 [main] Log - openEditUser test is passed.
[INFO ] 21-03-2024 16:44:25 [main] Log - capNhatThongTinCoBanTabHoSoCaNhan test is starting...
[ERROR] 21-03-2024 16:45:38 [main] Log - capNhatThongTinCoBanTabHoSoCaNhan test is failed.
[INFO ] 21-03-2024 16:45:41 [main] Log - End testing sample test
[INFO ] 21-03-2024 16:51:07 [main] Log - Start testing sample test
[INFO ] 21-03-2024 16:51:13 [main] Log - openEditUser test is starting...
[INFO ] 21-03-2024 16:51:26 [main] Log - openEditUser test is passed.
[INFO ] 21-03-2024 16:51:26 [main] Log - capNhatThongTinCoBanTabHoSoCaNhan test is starting...
[ERROR] 21-03-2024 16:52:03 [main] Log - capNhatThongTinCoBanTabHoSoCaNhan test is failed.
[INFO ] 21-03-2024 16:52:06 [main] Log - End testing sample test
[INFO ] 21-03-2024 16:56:06 [main] Log - Start testing sample test
[INFO ] 21-03-2024 16:56:12 [main] Log - openEditUser test is starting...
[INFO ] 21-03-2024 16:56:23 [main] Log - openEditUser test is passed.
[INFO ] 21-03-2024 16:56:23 [main] Log - capNhatThongTinCoBanTabHoSoCaNhan test is starting...
[ERROR] 21-03-2024 16:56:37 [main] Log - capNhatThongTinCoBanTabHoSoCaNhan test is failed.
[INFO ] 21-03-2024 16:56:39 [main] Log - End testing sample test
[INFO ] 21-03-2024 16:59:49 [main] Log - Start testing sample test
[INFO ] 21-03-2024 16:59:55 [main] Log - openEditUser test is starting...
[INFO ] 21-03-2024 17:00:07 [main] Log - openEditUser test is passed.
[INFO ] 21-03-2024 17:00:07 [main] Log - capNhatThongTinCoBanTabHoSoCaNhan test is starting...
[ERROR] 21-03-2024 17:00:23 [main] Log - capNhatThongTinCoBanTabHoSoCaNhan test is failed.
[INFO ] 21-03-2024 17:00:25 [main] Log - End testing sample test
[INFO ] 21-03-2024 17:02:28 [main] Log - Start testing sample test
[INFO ] 21-03-2024 17:02:33 [main] Log - openEditUser test is starting...
[INFO ] 21-03-2024 17:02:45 [main] Log - openEditUser test is passed.
[INFO ] 21-03-2024 17:02:45 [main] Log - capNhatThongTinCoBanTabHoSoCaNhan test is starting...
[ERROR] 21-03-2024 17:03:24 [main] Log - capNhatThongTinCoBanTabHoSoCaNhan test is failed.
[INFO ] 21-03-2024 17:03:27 [main] Log - End testing sample test
[INFO ] 21-03-2024 17:07:33 [main] Log - Start testing sample test
[INFO ] 21-03-2024 17:07:39 [main] Log - openEditUser test is starting...
[INFO ] 21-03-2024 17:07:51 [main] Log - openEditUser test is passed.
[INFO ] 21-03-2024 17:07:51 [main] Log - capNhatThongTinCoBanTabHoSoCaNhan test is starting...
[ERROR] 21-03-2024 17:08:32 [main] Log - capNhatThongTinCoBanTabHoSoCaNhan test is failed.
[INFO ] 21-03-2024 17:08:35 [main] Log - End testing sample test
[INFO ] 21-03-2024 17:16:37 [main] Log - Start testing sample test
[INFO ] 21-03-2024 17:16:43 [main] Log - openEditUser test is starting...
[INFO ] 21-03-2024 17:16:55 [main] Log - openEditUser test is passed.
[INFO ] 21-03-2024 17:16:55 [main] Log - capNhatThongTinCoBanTabHoSoCaNhan test is starting...
[ERROR] 21-03-2024 17:17:36 [main] Log - capNhatThongTinCoBanTabHoSoCaNhan test is failed.
[INFO ] 21-03-2024 17:17:38 [main] Log - End testing sample test
[INFO ] 21-03-2024 17:20:56 [main] Log - Start testing sample test
[INFO ] 21-03-2024 17:21:02 [main] Log - openEditUser test is starting...
[INFO ] 21-03-2024 17:21:14 [main] Log - openEditUser test is passed.
[INFO ] 21-03-2024 17:21:14 [main] Log - capNhatThongTinCoBanTabHoSoCaNhan test is starting...
[ERROR] 21-03-2024 17:21:35 [main] Log - capNhatThongTinCoBanTabHoSoCaNhan test is failed.
[INFO ] 21-03-2024 17:21:38 [main] Log - End testing sample test
[INFO ] 21-03-2024 17:32:31 [main] Log - Start testing sample test
[INFO ] 21-03-2024 17:32:36 [main] Log - openEditUser test is starting...
[INFO ] 21-03-2024 17:32:48 [main] Log - openEditUser test is passed.
[INFO ] 21-03-2024 17:32:48 [main] Log - capNhatThongTinCoBanTabHoSoCaNhan test is starting...
[ERROR] 21-03-2024 17:33:16 [main] Log - capNhatThongTinCoBanTabHoSoCaNhan test is failed.
[INFO ] 21-03-2024 17:33:18 [main] Log - End testing sample test
[INFO ] 21-03-2024 17:37:01 [main] Log - Start testing sample test
[INFO ] 21-03-2024 17:37:07 [main] Log - openEditUser test is starting...
[INFO ] 21-03-2024 17:37:19 [main] Log - openEditUser test is passed.
[INFO ] 21-03-2024 17:37:19 [main] Log - capNhatThongTinCoBanTabHoSoCaNhan test is starting...
[ERROR] 21-03-2024 17:38:07 [main] Log - capNhatThongTinCoBanTabHoSoCaNhan test is failed.
[INFO ] 21-03-2024 17:38:09 [main] Log - End testing sample test
[INFO ] 21-03-2024 17:42:06 [main] Log - Start testing sample test
[INFO ] 21-03-2024 17:42:11 [main] Log - openEditUser test is starting...
[INFO ] 21-03-2024 17:42:23 [main] Log - openEditUser test is passed.
[INFO ] 21-03-2024 17:42:23 [main] Log - capNhatThongTinCoBanTabHoSoCaNhan test is starting...
[ERROR] 21-03-2024 17:42:58 [main] Log - capNhatThongTinCoBanTabHoSoCaNhan test is failed.
[INFO ] 21-03-2024 17:43:01 [main] Log - End testing sample test
[INFO ] 22-03-2024 08:17:26 [main] Log - Start testing sample test
[INFO ] 22-03-2024 08:17:32 [main] Log - openEditUser test is starting...
[INFO ] 22-03-2024 08:17:46 [main] Log - openEditUser test is passed.
[INFO ] 22-03-2024 08:17:46 [main] Log - capNhatThongTinCoBanTabHoSoCaNhan test is starting...
[ERROR] 22-03-2024 08:18:14 [main] Log - capNhatThongTinCoBanTabHoSoCaNhan test is failed.
[INFO ] 22-03-2024 08:18:16 [main] Log - End testing sample test
[INFO ] 22-03-2024 08:21:45 [main] Log - Start testing sample test
[INFO ] 22-03-2024 08:21:51 [main] Log - openEditUser test is starting...
[INFO ] 22-03-2024 08:22:03 [main] Log - openEditUser test is passed.
[INFO ] 22-03-2024 08:22:03 [main] Log - capNhatThongTinCoBanTabHoSoCaNhan test is starting...
[ERROR] 22-03-2024 08:22:52 [main] Log - capNhatThongTinCoBanTabHoSoCaNhan test is failed.
[INFO ] 22-03-2024 08:22:54 [main] Log - End testing sample test
[INFO ] 22-03-2024 08:24:02 [main] Log - Start testing sample test
[INFO ] 22-03-2024 08:24:06 [main] Log - openEditUser test is starting...
[INFO ] 22-03-2024 08:24:18 [main] Log - openEditUser test is passed.
[INFO ] 22-03-2024 08:24:18 [main] Log - capNhatThongTinCoBanTabHoSoCaNhan test is starting...
[ERROR] 22-03-2024 08:25:08 [main] Log - capNhatThongTinCoBanTabHoSoCaNhan test is failed.
[INFO ] 22-03-2024 08:25:11 [main] Log - End testing sample test
[INFO ] 22-03-2024 08:29:44 [main] Log - Start testing sample test
[INFO ] 22-03-2024 08:29:48 [main] Log - openEditUser test is starting...
[INFO ] 22-03-2024 08:30:00 [main] Log - openEditUser test is passed.
[INFO ] 22-03-2024 08:30:00 [main] Log - capNhatThongTinCoBanThanhCong test is starting...
[INFO ] 22-03-2024 08:30:17 [main] Log - capNhatThongTinCoBanThanhCong test is passed.
[INFO ] 22-03-2024 08:30:19 [main] Log - End testing sample test
[INFO ] 22-03-2024 08:32:09 [main] Log - Start testing sample test
[INFO ] 22-03-2024 08:32:13 [main] Log - openEditUser test is starting...
[INFO ] 22-03-2024 08:32:26 [main] Log - openEditUser test is passed.
[INFO ] 22-03-2024 08:32:26 [main] Log - capNhatCCTCXoaTatCa test is starting...
[INFO ] 22-03-2024 08:33:03 [main] Log - capNhatCCTCXoaTatCa test is passed.
[INFO ] 22-03-2024 08:33:05 [main] Log - End testing sample test
[INFO ] 22-03-2024 08:33:24 [main] Log - Start testing sample test
[INFO ] 22-03-2024 08:33:30 [main] Log - openEditUser test is starting...
[INFO ] 22-03-2024 08:33:42 [main] Log - openEditUser test is passed.
[INFO ] 22-03-2024 08:33:42 [main] Log - capNhatThongTinCoBanTabHoSoCaNhan test is starting...
[ERROR] 22-03-2024 08:34:31 [main] Log - capNhatThongTinCoBanTabHoSoCaNhan test is failed.
[INFO ] 22-03-2024 08:34:33 [main] Log - End testing sample test
[INFO ] 22-03-2024 08:36:08 [main] Log - Start testing sample test
[INFO ] 22-03-2024 08:36:13 [main] Log - openEditUser test is starting...
[INFO ] 22-03-2024 08:36:25 [main] Log - openEditUser test is passed.
[INFO ] 22-03-2024 08:36:25 [main] Log - capNhatThongTinCoBanTabHoSoCaNhan test is starting...
[ERROR] 22-03-2024 08:36:39 [main] Log - capNhatThongTinCoBanTabHoSoCaNhan test is failed.
[INFO ] 22-03-2024 08:36:41 [main] Log - End testing sample test
[INFO ] 22-03-2024 08:40:10 [main] Log - Start testing sample test
[INFO ] 22-03-2024 08:40:15 [main] Log - openEditUser test is starting...
[INFO ] 22-03-2024 08:40:27 [main] Log - openEditUser test is passed.
[INFO ] 22-03-2024 08:40:27 [main] Log - capNhatThongTinCoBanTabHoSoCaNhan test is starting...
[ERROR] 22-03-2024 08:40:56 [main] Log - capNhatThongTinCoBanTabHoSoCaNhan test is failed.
[INFO ] 22-03-2024 08:40:59 [main] Log - End testing sample test
[INFO ] 22-03-2024 08:44:36 [main] Log - Start testing sample test
[INFO ] 22-03-2024 08:44:40 [main] Log - openEditUser test is starting...
[INFO ] 22-03-2024 08:44:54 [main] Log - openEditUser test is passed.
[INFO ] 22-03-2024 08:44:54 [main] Log - capNhatThongTinCoBanTabHoSoCaNhan test is starting...
[ERROR] 22-03-2024 08:45:43 [main] Log - capNhatThongTinCoBanTabHoSoCaNhan test is failed.
[INFO ] 22-03-2024 08:45:45 [main] Log - End testing sample test
[INFO ] 22-03-2024 08:51:16 [main] Log - Start testing sample test
[INFO ] 22-03-2024 08:51:21 [main] Log - openEditUser test is starting...
[INFO ] 22-03-2024 08:51:33 [main] Log - openEditUser test is passed.
[INFO ] 22-03-2024 08:51:33 [main] Log - capNhatThongTinCoBanTabHoSoCaNhan test is starting...
[ERROR] 22-03-2024 08:52:02 [main] Log - capNhatThongTinCoBanTabHoSoCaNhan test is failed.
[INFO ] 22-03-2024 08:52:04 [main] Log - End testing sample test
[INFO ] 22-03-2024 08:53:49 [main] Log - Start testing sample test
[INFO ] 22-03-2024 08:53:54 [main] Log - openEditUser test is starting...
[INFO ] 22-03-2024 08:54:06 [main] Log - openEditUser test is passed.
[INFO ] 22-03-2024 08:54:06 [main] Log - capNhatThongTinCoBanTabHoSoCaNhan test is starting...
[ERROR] 22-03-2024 08:54:45 [main] Log - capNhatThongTinCoBanTabHoSoCaNhan test is failed.
[INFO ] 22-03-2024 08:54:48 [main] Log - End testing sample test
[INFO ] 22-03-2024 08:56:34 [main] Log - Start testing sample test
[INFO ] 22-03-2024 08:56:39 [main] Log - openEditUser test is starting...
[INFO ] 22-03-2024 08:56:51 [main] Log - openEditUser test is passed.
[INFO ] 22-03-2024 08:56:51 [main] Log - capNhatThongTinCoBanTabHoSoCaNhan test is starting...
[ERROR] 22-03-2024 08:58:29 [main] Log - capNhatThongTinCoBanTabHoSoCaNhan test is failed.
[INFO ] 22-03-2024 08:58:32 [main] Log - End testing sample test
[INFO ] 22-03-2024 08:58:54 [main] Log - Start testing sample test
[INFO ] 22-03-2024 08:58:59 [main] Log - openEditUser test is starting...
[INFO ] 22-03-2024 08:59:11 [main] Log - openEditUser test is passed.
[INFO ] 22-03-2024 08:59:11 [main] Log - capNhatThongTinCoBanTabHoSoCaNhan test is starting...
[ERROR] 22-03-2024 09:00:01 [main] Log - capNhatThongTinCoBanTabHoSoCaNhan test is failed.
[INFO ] 22-03-2024 09:00:04 [main] Log - End testing sample test
[INFO ] 22-03-2024 09:01:21 [main] Log - Start testing sample test
[INFO ] 22-03-2024 09:01:27 [main] Log - openEditUser test is starting...
[INFO ] 22-03-2024 09:01:38 [main] Log - openEditUser test is passed.
[INFO ] 22-03-2024 09:01:39 [main] Log - capNhatThongTinCoBanTabHoSoCaNhan test is starting...
[ERROR] 22-03-2024 09:02:29 [main] Log - capNhatThongTinCoBanTabHoSoCaNhan test is failed.
[INFO ] 22-03-2024 09:02:31 [main] Log - End testing sample test
